{"numTotalTestSuites":83,"numPassedTestSuites":77,"numFailedTestSuites":6,"numPendingTestSuites":0,"numTotalTests":269,"numPassedTests":267,"numFailedTests":2,"numPendingTests":0,"numTodoTests":0,"snapshot":{"added":0,"failure":false,"filesAdded":0,"filesRemoved":0,"filesRemovedList":[],"filesUnmatched":0,"filesUpdated":0,"matched":0,"total":0,"unchecked":0,"uncheckedKeysByFile":[],"unmatched":0,"updated":0,"didUpdate":false},"startTime":1765524177918,"success":false,"testResults":[{"assertionResults":[{"ancestorTitles":["EncryptedStorage Integration with Zustand"],"fullName":"EncryptedStorage Integration with Zustand should work with Zustand persist middleware","status":"passed","title":"should work with Zustand persist middleware","duration":118.07030000000032,"failureMessages":[],"meta":{}},{"ancestorTitles":["EncryptedStorage Integration with Zustand"],"fullName":"EncryptedStorage Integration with Zustand should handle Zustand StorageValue format correctly","status":"passed","title":"should handle Zustand StorageValue format correctly","duration":5.106899999999769,"failureMessages":[],"meta":{}},{"ancestorTitles":["EncryptedStorage Integration with Zustand"],"fullName":"EncryptedStorage Integration with Zustand should persist state across store re-creation","status":"passed","title":"should persist state across store re-creation","duration":217.07709999999952,"failureMessages":[],"meta":{}},{"ancestorTitles":["EncryptedStorage Integration with Zustand"],"fullName":"EncryptedStorage Integration with Zustand should handle encryption failures gracefully","status":"passed","title":"should handle encryption failures gracefully","duration":3.231800000000476,"failureMessages":[],"meta":{}},{"ancestorTitles":["EncryptedStorage Integration with Zustand"],"fullName":"EncryptedStorage Integration with Zustand should return null for nonexistent keys","status":"passed","title":"should return null for nonexistent keys","duration":1.7103000000006432,"failureMessages":[],"meta":{}},{"ancestorTitles":["EncryptedStorage Integration with Zustand"],"fullName":"EncryptedStorage Integration with Zustand should handle storage errors gracefully","status":"passed","title":"should handle storage errors gracefully","duration":2.335700000000543,"failureMessages":[],"meta":{}},{"ancestorTitles":["EncryptedStorage Integration with Zustand"],"fullName":"EncryptedStorage Integration with Zustand should work with complex clinical data structure","status":"passed","title":"should work with complex clinical data structure","duration":117.70200000000023,"failureMessages":[],"meta":{}}],"startTime":1765524193450,"endTime":1765524193916.702,"status":"passed","message":"","name":"D:/Project/healthcare-apps/clinical-toolkit/src/core/__tests__/encryptedStorage.integration.test.ts"},{"assertionResults":[{"ancestorTitles":["EncryptedStorage Adapter"],"fullName":"EncryptedStorage Adapter should store and retrieve Zustand StorageValue objects","status":"passed","title":"should store and retrieve Zustand StorageValue objects","duration":11.350800000000163,"failureMessages":[],"meta":{}},{"ancestorTitles":["EncryptedStorage Adapter"],"fullName":"EncryptedStorage Adapter should encrypt sensitive data in localStorage","status":"passed","title":"should encrypt sensitive data in localStorage","duration":3.772299999999632,"failureMessages":[],"meta":{}},{"ancestorTitles":["EncryptedStorage Adapter"],"fullName":"EncryptedStorage Adapter should handle null values","status":"passed","title":"should handle null values","duration":2.759100000000217,"failureMessages":[],"meta":{}},{"ancestorTitles":["EncryptedStorage Adapter"],"fullName":"EncryptedStorage Adapter should remove items","status":"passed","title":"should remove items","duration":3.269000000000233,"failureMessages":[],"meta":{}},{"ancestorTitles":["EncryptedStorage Adapter"],"fullName":"EncryptedStorage Adapter should work with complex nested data structures","status":"passed","title":"should work with complex nested data structures","duration":2.588600000000042,"failureMessages":[],"meta":{}},{"ancestorTitles":["EncryptedStorage Adapter"],"fullName":"EncryptedStorage Adapter should return null for cleared storage","status":"passed","title":"should return null for cleared storage","duration":1.903599999999642,"failureMessages":[],"meta":{}},{"ancestorTitles":["EncryptedStorage Adapter"],"fullName":"EncryptedStorage Adapter should handle objects without version field","status":"passed","title":"should handle objects without version field","duration":2.0208000000002357,"failureMessages":[],"meta":{}}],"startTime":1765524195190,"endTime":1765524195218.0208,"status":"passed","message":"","name":"D:/Project/healthcare-apps/clinical-toolkit/src/core/__tests__/encryptedStorage.test.ts"},{"assertionResults":[{"ancestorTitles":["Encryption Integration - localStorage Verification"],"fullName":"Encryption Integration - localStorage Verification should store ciphertext in localStorage, never plaintext","status":"passed","title":"should store ciphertext in localStorage, never plaintext","duration":16.8121000000001,"failureMessages":[],"meta":{}},{"ancestorTitles":["Encryption Integration - localStorage Verification"],"fullName":"Encryption Integration - localStorage Verification should correctly encrypt and decrypt complex medical records","status":"passed","title":"should correctly encrypt and decrypt complex medical records","duration":6.283900000000358,"failureMessages":[],"meta":{}},{"ancestorTitles":["Encryption Integration - localStorage Verification"],"fullName":"Encryption Integration - localStorage Verification should selectively encrypt only sensitive fields","status":"passed","title":"should selectively encrypt only sensitive fields","duration":3.8364000000001397,"failureMessages":[],"meta":{}},{"ancestorTitles":["Encryption Integration - localStorage Verification"],"fullName":"Encryption Integration - localStorage Verification should handle empty and null data gracefully","status":"passed","title":"should handle empty and null data gracefully","duration":3.5528999999996813,"failureMessages":[],"meta":{}},{"ancestorTitles":["Encryption Integration - localStorage Verification"],"fullName":"Encryption Integration - localStorage Verification should handle unicode and special characters","status":"passed","title":"should handle unicode and special characters","duration":3.072499999999309,"failureMessages":[],"meta":{}},{"ancestorTitles":["Encryption Integration - localStorage Verification"],"fullName":"Encryption Integration - localStorage Verification should handle large data sets without corruption","status":"passed","title":"should handle large data sets without corruption","duration":107.52909999999974,"failureMessages":[],"meta":{}},{"ancestorTitles":["Encryption Integration - localStorage Verification"],"fullName":"Encryption Integration - localStorage Verification should verify encryption round-trip maintains exact data types","status":"passed","title":"should verify encryption round-trip maintains exact data types","duration":4.414600000000064,"failureMessages":[],"meta":{}}],"startTime":1765524193454,"endTime":1765524193600.4146,"status":"passed","message":"","name":"D:/Project/healthcare-apps/clinical-toolkit/src/core/__tests__/encryption-integration.test.ts"},{"assertionResults":[{"ancestorTitles":["Encryption"],"fullName":"Encryption should initialize and validate","status":"passed","title":"should initialize and validate","duration":8.496799999999894,"failureMessages":[],"meta":{}},{"ancestorTitles":["Encryption"],"fullName":"Encryption should encrypt and decrypt","status":"passed","title":"should encrypt and decrypt","duration":4.4792999999999665,"failureMessages":[],"meta":{}},{"ancestorTitles":["Encryption"],"fullName":"Encryption should use random IV","status":"failed","title":"should use random IV","duration":14.473599999999351,"failureMessages":["AssertionError: expected 'ACVKb5S53gMoTXKX0Yjez9neiJCIzsvey4jX' not to be 'ACVKb5S53gMoTXKX0Yjez9neiJCIzsvey4jX' // Object.is equality\n    at D:\\Project\\healthcare-apps\\clinical-toolkit\\src\\core\\__tests__\\encryption.test.ts:36:22\n    at processTicksAndRejections (node:internal/process/task_queues:105:5)\n    at file:///D:/Project/healthcare-apps/clinical-toolkit/node_modules/@vitest/runner/dist/chunk-hooks.js:752:20"],"meta":{}},{"ancestorTitles":["Encryption"],"fullName":"Encryption should not expose plaintext","status":"passed","title":"should not expose plaintext","duration":2.1261999999996988,"failureMessages":[],"meta":{}}],"startTime":1765524186461,"endTime":1765524186491.1262,"status":"failed","message":"","name":"D:/Project/healthcare-apps/clinical-toolkit/src/core/__tests__/encryption.test.ts"},{"assertionResults":[{"ancestorTitles":["CHA2DS2-VASc Calculator","Score Calculation"],"fullName":"CHA2DS2-VASc Calculator Score Calculation calculates score of 0 for low-risk young male","status":"passed","title":"calculates score of 0 for low-risk young male","duration":2.8759999999992942,"failureMessages":[],"meta":{}},{"ancestorTitles":["CHA2DS2-VASc Calculator","Score Calculation"],"fullName":"CHA2DS2-VASc Calculator Score Calculation calculates score of 1 for young female with no other risks","status":"passed","title":"calculates score of 1 for young female with no other risks","duration":0.7523999999993976,"failureMessages":[],"meta":{}},{"ancestorTitles":["CHA2DS2-VASc Calculator","Score Calculation"],"fullName":"CHA2DS2-VASc Calculator Score Calculation adds 2 points for age >= 75","status":"passed","title":"adds 2 points for age >= 75","duration":0.6080999999994674,"failureMessages":[],"meta":{}},{"ancestorTitles":["CHA2DS2-VASc Calculator","Score Calculation"],"fullName":"CHA2DS2-VASc Calculator Score Calculation adds 1 point for age 65-74","status":"passed","title":"adds 1 point for age 65-74","duration":0.5403000000005704,"failureMessages":[],"meta":{}},{"ancestorTitles":["CHA2DS2-VASc Calculator","Score Calculation"],"fullName":"CHA2DS2-VASc Calculator Score Calculation adds 2 points for prior stroke","status":"passed","title":"adds 2 points for prior stroke","duration":0.4382999999997992,"failureMessages":[],"meta":{}},{"ancestorTitles":["CHA2DS2-VASc Calculator","Score Calculation"],"fullName":"CHA2DS2-VASc Calculator Score Calculation adds 1 point for CHF","status":"passed","title":"adds 1 point for CHF","duration":0.42189999999936845,"failureMessages":[],"meta":{}},{"ancestorTitles":["CHA2DS2-VASc Calculator","Score Calculation"],"fullName":"CHA2DS2-VASc Calculator Score Calculation adds 1 point for hypertension","status":"passed","title":"adds 1 point for hypertension","duration":0.4426000000003114,"failureMessages":[],"meta":{}},{"ancestorTitles":["CHA2DS2-VASc Calculator","Score Calculation"],"fullName":"CHA2DS2-VASc Calculator Score Calculation adds 1 point for vascular disease","status":"passed","title":"adds 1 point for vascular disease","duration":0.3455999999996493,"failureMessages":[],"meta":{}},{"ancestorTitles":["CHA2DS2-VASc Calculator","Score Calculation"],"fullName":"CHA2DS2-VASc Calculator Score Calculation adds 1 point for diabetes","status":"passed","title":"adds 1 point for diabetes","duration":0.7889000000004671,"failureMessages":[],"meta":{}},{"ancestorTitles":["CHA2DS2-VASc Calculator","Risk Stratification"],"fullName":"CHA2DS2-VASc Calculator Risk Stratification identifies low risk (score 0)","status":"passed","title":"identifies low risk (score 0)","duration":0.48879999999917345,"failureMessages":[],"meta":{}},{"ancestorTitles":["CHA2DS2-VASc Calculator","Risk Stratification"],"fullName":"CHA2DS2-VASc Calculator Risk Stratification identifies moderate to high risk (score >= 2)","status":"passed","title":"identifies moderate to high risk (score >= 2)","duration":0.47699999999986176,"failureMessages":[],"meta":{}},{"ancestorTitles":["CHA2DS2-VASc Calculator","Risk Stratification"],"fullName":"CHA2DS2-VASc Calculator Risk Stratification identifies very high risk with multiple factors","status":"passed","title":"identifies very high risk with multiple factors","duration":0.5171000000000276,"failureMessages":[],"meta":{}},{"ancestorTitles":["CHA2DS2-VASc Calculator","Treatment Recommendations"],"fullName":"CHA2DS2-VASc Calculator Treatment Recommendations recommends no anticoagulation for score 0","status":"passed","title":"recommends no anticoagulation for score 0","duration":0.4183000000002721,"failureMessages":[],"meta":{}},{"ancestorTitles":["CHA2DS2-VASc Calculator","Treatment Recommendations"],"fullName":"CHA2DS2-VASc Calculator Treatment Recommendations recommends anticoagulation for score >= 2","status":"passed","title":"recommends anticoagulation for score >= 2","duration":0.20229999999992287,"failureMessages":[],"meta":{}},{"ancestorTitles":["CHA2DS2-VASc Calculator","Treatment Recommendations"],"fullName":"CHA2DS2-VASc Calculator Treatment Recommendations mentions DOACs for high-risk patients","status":"passed","title":"mentions DOACs for high-risk patients","duration":0.32700000000022555,"failureMessages":[],"meta":{}},{"ancestorTitles":["CHA2DS2-VASc Calculator","Clinical Scenarios"],"fullName":"CHA2DS2-VASc Calculator Clinical Scenarios handles elderly patient with multiple comorbidities","status":"passed","title":"handles elderly patient with multiple comorbidities","duration":1.1369999999997162,"failureMessages":[],"meta":{}},{"ancestorTitles":["CHA2DS2-VASc Calculator","Clinical Scenarios"],"fullName":"CHA2DS2-VASc Calculator Clinical Scenarios handles patient with prior stroke (highest risk factor)","status":"passed","title":"handles patient with prior stroke (highest risk factor)","duration":0.3400000000001455,"failureMessages":[],"meta":{}},{"ancestorTitles":["CHA2DS2-VASc Calculator","Clinical Scenarios"],"fullName":"CHA2DS2-VASc Calculator Clinical Scenarios handles young patient with single risk factor","status":"passed","title":"handles young patient with single risk factor","duration":0.23080000000027212,"failureMessages":[],"meta":{}},{"ancestorTitles":["CHA2DS2-VASc Calculator","Gender-Specific Considerations"],"fullName":"CHA2DS2-VASc Calculator Gender-Specific Considerations female gender alone does not warrant anticoagulation","status":"passed","title":"female gender alone does not warrant anticoagulation","duration":0.2536000000000058,"failureMessages":[],"meta":{}},{"ancestorTitles":["CHA2DS2-VASc Calculator","Gender-Specific Considerations"],"fullName":"CHA2DS2-VASc Calculator Gender-Specific Considerations female with additional risk factors warrants anticoagulation","status":"passed","title":"female with additional risk factors warrants anticoagulation","duration":0.30649999999968713,"failureMessages":[],"meta":{}},{"ancestorTitles":["CHA2DS2-VASc Calculator","Score Ranges"],"fullName":"CHA2DS2-VASc Calculator Score Ranges maximum score is calculated correctly","status":"passed","title":"maximum score is calculated correctly","duration":0.16589999999996508,"failureMessages":[],"meta":{}},{"ancestorTitles":["CHA2DS2-VASc Calculator","Score Ranges"],"fullName":"CHA2DS2-VASc Calculator Score Ranges minimum score is 0 for young male","status":"passed","title":"minimum score is 0 for young male","duration":0.15189999999984138,"failureMessages":[],"meta":{}},{"ancestorTitles":["CHA2DS2-VASc Calculator","Score Ranges"],"fullName":"CHA2DS2-VASc Calculator Score Ranges minimum score is 1 for young female","status":"passed","title":"minimum score is 1 for young female","duration":0.14990000000034343,"failureMessages":[],"meta":{}},{"ancestorTitles":["CHA2DS2-VASc Calculator","Stroke Risk Percentages"],"fullName":"CHA2DS2-VASc Calculator Stroke Risk Percentages provides stroke risk estimates","status":"passed","title":"provides stroke risk estimates","duration":0.9818999999997686,"failureMessages":[],"meta":{}}],"startTime":1765524199668,"endTime":1765524199683.982,"status":"passed","message":"","name":"D:/Project/healthcare-apps/clinical-toolkit/src/utils/__tests__/cha2ds2vasc-calculator.test.ts"},{"assertionResults":[],"startTime":1765524177918,"endTime":1765524177918,"status":"failed","message":"No test suite found in file D:/Project/healthcare-apps/clinical-toolkit/src/utils/__tests__/dataMigration.test.ts","name":"D:/Project/healthcare-apps/clinical-toolkit/src/utils/__tests__/dataMigration.test.ts"},{"assertionResults":[{"ancestorTitles":["eGFR Calculator","CKD-EPI Formula"],"fullName":"eGFR Calculator CKD-EPI Formula calculates normal kidney function correctly","status":"passed","title":"calculates normal kidney function correctly","duration":3.615899999999783,"failureMessages":[],"meta":{}},{"ancestorTitles":["eGFR Calculator","CKD-EPI Formula"],"fullName":"eGFR Calculator CKD-EPI Formula calculates decreased kidney function","status":"passed","title":"calculates decreased kidney function","duration":0.6298999999999069,"failureMessages":[],"meta":{}},{"ancestorTitles":["eGFR Calculator","CKD-EPI Formula"],"fullName":"eGFR Calculator CKD-EPI Formula applies gender-specific calculation","status":"passed","title":"applies gender-specific calculation","duration":2.22610000000077,"failureMessages":[],"meta":{}},{"ancestorTitles":["eGFR Calculator","CKD-EPI Formula"],"fullName":"eGFR Calculator CKD-EPI Formula adjusts for African American race","status":"passed","title":"adjusts for African American race","duration":0.5552999999999884,"failureMessages":[],"meta":{}},{"ancestorTitles":["eGFR Calculator","CKD-EPI Formula"],"fullName":"eGFR Calculator CKD-EPI Formula decreases with age","status":"passed","title":"decreases with age","duration":0.4286999999994805,"failureMessages":[],"meta":{}},{"ancestorTitles":["eGFR Calculator","CKD-EPI Formula"],"fullName":"eGFR Calculator CKD-EPI Formula decreases with higher creatinine","status":"passed","title":"decreases with higher creatinine","duration":0.49679999999989377,"failureMessages":[],"meta":{}},{"ancestorTitles":["eGFR Calculator","MDRD Formula"],"fullName":"eGFR Calculator MDRD Formula calculates eGFR for typical patient","status":"passed","title":"calculates eGFR for typical patient","duration":0.4710000000004584,"failureMessages":[],"meta":{}},{"ancestorTitles":["eGFR Calculator","MDRD Formula"],"fullName":"eGFR Calculator MDRD Formula adjusts for female gender","status":"passed","title":"adjusts for female gender","duration":0.42889999999988504,"failureMessages":[],"meta":{}},{"ancestorTitles":["eGFR Calculator","MDRD Formula"],"fullName":"eGFR Calculator MDRD Formula adjusts for African American race","status":"passed","title":"adjusts for African American race","duration":0.6921000000002095,"failureMessages":[],"meta":{}},{"ancestorTitles":["eGFR Calculator","CKD Staging"],"fullName":"eGFR Calculator CKD Staging classifies G1 (normal) correctly","status":"passed","title":"classifies G1 (normal) correctly","duration":0.7704000000003361,"failureMessages":[],"meta":{}},{"ancestorTitles":["eGFR Calculator","CKD Staging"],"fullName":"eGFR Calculator CKD Staging classifies G2 (mildly decreased) correctly","status":"passed","title":"classifies G2 (mildly decreased) correctly","duration":0.43549999999959255,"failureMessages":[],"meta":{}},{"ancestorTitles":["eGFR Calculator","CKD Staging"],"fullName":"eGFR Calculator CKD Staging classifies G3a (mild to moderate) correctly","status":"passed","title":"classifies G3a (mild to moderate) correctly","duration":0.3739999999997963,"failureMessages":[],"meta":{}},{"ancestorTitles":["eGFR Calculator","CKD Staging"],"fullName":"eGFR Calculator CKD Staging classifies G3b (moderate to severe) correctly","status":"passed","title":"classifies G3b (moderate to severe) correctly","duration":0.3432999999995445,"failureMessages":[],"meta":{}},{"ancestorTitles":["eGFR Calculator","CKD Staging"],"fullName":"eGFR Calculator CKD Staging classifies G4 (severe) correctly","status":"passed","title":"classifies G4 (severe) correctly","duration":0.3724000000001979,"failureMessages":[],"meta":{}},{"ancestorTitles":["eGFR Calculator","CKD Staging"],"fullName":"eGFR Calculator CKD Staging classifies G5 (kidney failure) correctly","status":"passed","title":"classifies G5 (kidney failure) correctly","duration":0.3110999999998967,"failureMessages":[],"meta":{}},{"ancestorTitles":["eGFR Calculator","Clinical Scenarios"],"fullName":"eGFR Calculator Clinical Scenarios identifies normal kidney function in young healthy patient","status":"passed","title":"identifies normal kidney function in young healthy patient","duration":0.32600000000002183,"failureMessages":[],"meta":{}},{"ancestorTitles":["eGFR Calculator","Clinical Scenarios"],"fullName":"eGFR Calculator Clinical Scenarios identifies moderate CKD in elderly patient","status":"passed","title":"identifies moderate CKD in elderly patient","duration":1.7854999999999563,"failureMessages":[],"meta":{}},{"ancestorTitles":["eGFR Calculator","Clinical Scenarios"],"fullName":"eGFR Calculator Clinical Scenarios identifies severe CKD requiring nephrology referral","status":"passed","title":"identifies severe CKD requiring nephrology referral","duration":0.6048000000000684,"failureMessages":[],"meta":{}},{"ancestorTitles":["eGFR Calculator","Edge Cases"],"fullName":"eGFR Calculator Edge Cases handles very low creatinine","status":"passed","title":"handles very low creatinine","duration":0.4818999999997686,"failureMessages":[],"meta":{}},{"ancestorTitles":["eGFR Calculator","Edge Cases"],"fullName":"eGFR Calculator Edge Cases handles very high creatinine","status":"passed","title":"handles very high creatinine","duration":0.5020000000004075,"failureMessages":[],"meta":{}},{"ancestorTitles":["eGFR Calculator","Edge Cases"],"fullName":"eGFR Calculator Edge Cases handles elderly patients","status":"passed","title":"handles elderly patients","duration":0.2871000000004642,"failureMessages":[],"meta":{}},{"ancestorTitles":["eGFR Calculator","Edge Cases"],"fullName":"eGFR Calculator Edge Cases handles young adults","status":"passed","title":"handles young adults","duration":0.2489000000005035,"failureMessages":[],"meta":{}},{"ancestorTitles":["eGFR Calculator","Formula Comparison"],"fullName":"eGFR Calculator Formula Comparison CKD-EPI and MDRD produce similar results","status":"passed","title":"CKD-EPI and MDRD produce similar results","duration":0.30709999999999127,"failureMessages":[],"meta":{}},{"ancestorTitles":["eGFR Calculator","Formula Comparison"],"fullName":"eGFR Calculator Formula Comparison both formulas identify severe CKD","status":"passed","title":"both formulas identify severe CKD","duration":0.8283999999994194,"failureMessages":[],"meta":{}}],"startTime":1765524198838,"endTime":1765524198856.8284,"status":"passed","message":"","name":"D:/Project/healthcare-apps/clinical-toolkit/src/utils/__tests__/egfr-calculator.test.ts"},{"assertionResults":[],"startTime":1765524177918,"endTime":1765524177918,"status":"failed","message":"No test suite found in file D:/Project/healthcare-apps/clinical-toolkit/src/utils/__tests__/storage.test.ts","name":"D:/Project/healthcare-apps/clinical-toolkit/src/utils/__tests__/storage.test.ts"},{"assertionResults":[{"ancestorTitles":["BMICalculator","Component Rendering and Initial State"],"fullName":"BMICalculator Component Rendering and Initial State should render the BMI calculator title and clinical use notice","status":"passed","title":"should render the BMI calculator title and clinical use notice","duration":211.97839999999997,"failureMessages":[],"meta":{}},{"ancestorTitles":["BMICalculator","Component Rendering and Initial State"],"fullName":"BMICalculator Component Rendering and Initial State should default to metric units with empty inputs","status":"passed","title":"should default to metric units with empty inputs","duration":294.0662000000011,"failureMessages":[],"meta":{}},{"ancestorTitles":["BMICalculator","Component Rendering and Initial State"],"fullName":"BMICalculator Component Rendering and Initial State should show a placeholder message before any input is provided","status":"passed","title":"should show a placeholder message before any input is provided","duration":37.766200000000026,"failureMessages":[],"meta":{}},{"ancestorTitles":["BMICalculator","Metric Unit Calculations (kg, cm)"],"fullName":"BMICalculator Metric Unit Calculations (kg, cm) should calculate BMI of 18 (Underweight) for 55kg and 175cm","status":"passed","title":"should calculate BMI of 18 (Underweight) for 55kg and 175cm","duration":779.2098999999998,"failureMessages":[],"meta":{}},{"ancestorTitles":["BMICalculator","Metric Unit Calculations (kg, cm)"],"fullName":"BMICalculator Metric Unit Calculations (kg, cm) should calculate BMI of 22.9 (Normal weight) for 70kg and 175cm","status":"passed","title":"should calculate BMI of 22.9 (Normal weight) for 70kg and 175cm","duration":362.5601000000006,"failureMessages":[],"meta":{}},{"ancestorTitles":["BMICalculator","Metric Unit Calculations (kg, cm)"],"fullName":"BMICalculator Metric Unit Calculations (kg, cm) should calculate BMI of 27.8 (Overweight) for 85kg and 175cm","status":"passed","title":"should calculate BMI of 27.8 (Overweight) for 85kg and 175cm","duration":404.5542999999998,"failureMessages":[],"meta":{}},{"ancestorTitles":["BMICalculator","Metric Unit Calculations (kg, cm)"],"fullName":"BMICalculator Metric Unit Calculations (kg, cm) should calculate BMI of 31 (Obese Class I) for 95kg and 175cm","status":"passed","title":"should calculate BMI of 31 (Obese Class I) for 95kg and 175cm","duration":433.28009999999995,"failureMessages":[],"meta":{}},{"ancestorTitles":["BMICalculator","Metric Unit Calculations (kg, cm)"],"fullName":"BMICalculator Metric Unit Calculations (kg, cm) should calculate BMI of 37.6 (Obese Class II) for 115kg and 175cm","status":"passed","title":"should calculate BMI of 37.6 (Obese Class II) for 115kg and 175cm","duration":383.28939999999966,"failureMessages":[],"meta":{}},{"ancestorTitles":["BMICalculator","Metric Unit Calculations (kg, cm)"],"fullName":"BMICalculator Metric Unit Calculations (kg, cm) should calculate BMI of 40.8 (Obese Class III) for 125kg and 175cm","status":"passed","title":"should calculate BMI of 40.8 (Obese Class III) for 125kg and 175cm","duration":373.88850000000093,"failureMessages":[],"meta":{}},{"ancestorTitles":["BMICalculator","Imperial Unit Calculations (lb, in)"],"fullName":"BMICalculator Imperial Unit Calculations (lb, in) should switch to imperial units and update labels","status":"passed","title":"should switch to imperial units and update labels","duration":106.90519999999924,"failureMessages":[],"meta":{}},{"ancestorTitles":["BMICalculator","Imperial Unit Calculations (lb, in)"],"fullName":"BMICalculator Imperial Unit Calculations (lb, in) should calculate BMI of 17.9 (Underweight) for 121lb and 69in","status":"passed","title":"should calculate BMI of 17.9 (Underweight) for 121lb and 69in","duration":367.96889999999985,"failureMessages":[],"meta":{}},{"ancestorTitles":["BMICalculator","Imperial Unit Calculations (lb, in)"],"fullName":"BMICalculator Imperial Unit Calculations (lb, in) should calculate BMI of 22.7 (Normal weight) for 154lb and 69in","status":"passed","title":"should calculate BMI of 22.7 (Normal weight) for 154lb and 69in","duration":410.5511999999999,"failureMessages":[],"meta":{}},{"ancestorTitles":["BMICalculator","Imperial Unit Calculations (lb, in)"],"fullName":"BMICalculator Imperial Unit Calculations (lb, in) should calculate BMI of 27.6 (Overweight) for 187lb and 69in","status":"passed","title":"should calculate BMI of 27.6 (Overweight) for 187lb and 69in","duration":363.5712999999996,"failureMessages":[],"meta":{}},{"ancestorTitles":["BMICalculator","Imperial Unit Calculations (lb, in)"],"fullName":"BMICalculator Imperial Unit Calculations (lb, in) should calculate BMI of 30.9 (Obese Class I) for 209lb and 69in","status":"passed","title":"should calculate BMI of 30.9 (Obese Class I) for 209lb and 69in","duration":339.53410000000076,"failureMessages":[],"meta":{}},{"ancestorTitles":["BMICalculator","Imperial Unit Calculations (lb, in)"],"fullName":"BMICalculator Imperial Unit Calculations (lb, in) should calculate BMI of 37.5 (Obese Class II) for 254lb and 69in","status":"passed","title":"should calculate BMI of 37.5 (Obese Class II) for 254lb and 69in","duration":553.1039999999994,"failureMessages":[],"meta":{}},{"ancestorTitles":["BMICalculator","Imperial Unit Calculations (lb, in)"],"fullName":"BMICalculator Imperial Unit Calculations (lb, in) should calculate BMI of 40.8 (Obese Class III) for 276lb and 69in","status":"passed","title":"should calculate BMI of 40.8 (Obese Class III) for 276lb and 69in","duration":615.9193000000014,"failureMessages":[],"meta":{}},{"ancestorTitles":["BMICalculator","Input Validation and Error Handling"],"fullName":"BMICalculator Input Validation and Error Handling should show an error for weight below the valid metric range","status":"passed","title":"should show an error for weight below the valid metric range","duration":400.10089999999946,"failureMessages":[],"meta":{}},{"ancestorTitles":["BMICalculator","Input Validation and Error Handling"],"fullName":"BMICalculator Input Validation and Error Handling should show an error for height above the valid metric range","status":"passed","title":"should show an error for height above the valid metric range","duration":500.5511999999999,"failureMessages":[],"meta":{}},{"ancestorTitles":["BMICalculator","Input Validation and Error Handling"],"fullName":"BMICalculator Input Validation and Error Handling should show an error for weight below the valid imperial range","status":"passed","title":"should show an error for weight below the valid imperial range","duration":475.91309999999976,"failureMessages":[],"meta":{}},{"ancestorTitles":["BMICalculator","Input Validation and Error Handling"],"fullName":"BMICalculator Input Validation and Error Handling should clear the error message when a valid value is entered","status":"passed","title":"should clear the error message when a valid value is entered","duration":448.8203000000012,"failureMessages":[],"meta":{}},{"ancestorTitles":["BMICalculator","Input Validation and Error Handling"],"fullName":"BMICalculator Input Validation and Error Handling should display a warning if one field is filled but the other is not","status":"passed","title":"should display a warning if one field is filled but the other is not","duration":306.9014999999981,"failureMessages":[],"meta":{}},{"ancestorTitles":["BMICalculator","BMI Category Boundary Testing"],"fullName":"BMICalculator BMI Category Boundary Testing should classify a BMI of 18.4 as 'Underweight'","status":"passed","title":"should classify a BMI of 18.4 as 'Underweight'","duration":434.77570000000196,"failureMessages":[],"meta":{}},{"ancestorTitles":["BMICalculator","BMI Category Boundary Testing"],"fullName":"BMICalculator BMI Category Boundary Testing should classify a BMI of 18.4 as 'Underweight'","status":"passed","title":"should classify a BMI of 18.4 as 'Underweight'","duration":299.092099999998,"failureMessages":[],"meta":{}},{"ancestorTitles":["BMICalculator","BMI Category Boundary Testing"],"fullName":"BMICalculator BMI Category Boundary Testing should classify a BMI of 18.7 as 'Normal weight'","status":"passed","title":"should classify a BMI of 18.7 as 'Normal weight'","duration":535.4501999999993,"failureMessages":[],"meta":{}},{"ancestorTitles":["BMICalculator","BMI Category Boundary Testing"],"fullName":"BMICalculator BMI Category Boundary Testing should classify a BMI of 25 as 'Overweight'","status":"passed","title":"should classify a BMI of 25 as 'Overweight'","duration":707.5777000000016,"failureMessages":[],"meta":{}},{"ancestorTitles":["BMICalculator","BMI Category Boundary Testing"],"fullName":"BMICalculator BMI Category Boundary Testing should classify a BMI of 25 as 'Overweight'","status":"passed","title":"should classify a BMI of 25 as 'Overweight'","duration":507.1242999999995,"failureMessages":[],"meta":{}},{"ancestorTitles":["BMICalculator","BMI Category Boundary Testing"],"fullName":"BMICalculator BMI Category Boundary Testing should classify a BMI of 30 as 'Obese Class I'","status":"passed","title":"should classify a BMI of 30 as 'Obese Class I'","duration":445.9431999999979,"failureMessages":[],"meta":{}},{"ancestorTitles":["BMICalculator","BMI Category Boundary Testing"],"fullName":"BMICalculator BMI Category Boundary Testing should classify a BMI of 30 as 'Obese Class I'","status":"passed","title":"should classify a BMI of 30 as 'Obese Class I'","duration":388.59920000000056,"failureMessages":[],"meta":{}},{"ancestorTitles":["BMICalculator","BMI Category Boundary Testing"],"fullName":"BMICalculator BMI Category Boundary Testing should classify a BMI of 35 as 'Obese Class II'","status":"passed","title":"should classify a BMI of 35 as 'Obese Class II'","duration":287.20630000000165,"failureMessages":[],"meta":{}},{"ancestorTitles":["BMICalculator","BMI Category Boundary Testing"],"fullName":"BMICalculator BMI Category Boundary Testing should classify a BMI of 35 as 'Obese Class II'","status":"passed","title":"should classify a BMI of 35 as 'Obese Class II'","duration":234.7355000000025,"failureMessages":[],"meta":{}},{"ancestorTitles":["BMICalculator","BMI Category Boundary Testing"],"fullName":"BMICalculator BMI Category Boundary Testing should classify a BMI of 40 as 'Obese Class III'","status":"passed","title":"should classify a BMI of 40 as 'Obese Class III'","duration":328.22329999999783,"failureMessages":[],"meta":{}},{"ancestorTitles":["BMICalculator","BMI Category Boundary Testing"],"fullName":"BMICalculator BMI Category Boundary Testing should classify a BMI of 40 as 'Obese Class III'","status":"passed","title":"should classify a BMI of 40 as 'Obese Class III'","duration":325.2042000000001,"failureMessages":[],"meta":{}}],"startTime":1765524187591,"endTime":1765524200259.204,"status":"passed","message":"","name":"D:/Project/healthcare-apps/clinical-toolkit/src/components/calculators/__tests__/BMICalculator.test.tsx"},{"assertionResults":[{"ancestorTitles":["ErrorBoundary"],"fullName":"ErrorBoundary renders children when there is no error","status":"passed","title":"renders children when there is no error","duration":102.66760000000068,"failureMessages":[],"meta":{}},{"ancestorTitles":["ErrorBoundary"],"fullName":"ErrorBoundary renders error UI when child throws error","status":"passed","title":"renders error UI when child throws error","duration":108.82910000000084,"failureMessages":[],"meta":{}},{"ancestorTitles":["ErrorBoundary"],"fullName":"ErrorBoundary allows retrying after error","status":"passed","title":"allows retrying after error","duration":362.16499999999905,"failureMessages":[],"meta":{}},{"ancestorTitles":["ErrorBoundary"],"fullName":"ErrorBoundary calls onError callback when error occurs","status":"passed","title":"calls onError callback when error occurs","duration":38.36160000000018,"failureMessages":[],"meta":{}},{"ancestorTitles":["ErrorBoundary"],"fullName":"ErrorBoundary renders page-level error UI appropriately","status":"passed","title":"renders page-level error UI appropriately","duration":31.380199999999604,"failureMessages":[],"meta":{}},{"ancestorTitles":["ErrorBoundary"],"fullName":"ErrorBoundary renders critical error UI appropriately","status":"passed","title":"renders critical error UI appropriately","duration":89.73940000000039,"failureMessages":[],"meta":{}},{"ancestorTitles":["ErrorBoundary"],"fullName":"ErrorBoundary uses custom fallback when provided","status":"passed","title":"uses custom fallback when provided","duration":10.762099999999919,"failureMessages":[],"meta":{}}],"startTime":1765524188067,"endTime":1765524188811.7622,"status":"passed","message":"","name":"D:/Project/healthcare-apps/clinical-toolkit/src/components/ui/__tests__/ErrorBoundary.test.tsx"},{"assertionResults":[{"ancestorTitles":["ASCVD Risk Calculator","Input Validation"],"fullName":"ASCVD Risk Calculator Input Validation requires all mandatory fields","status":"passed","title":"requires all mandatory fields","duration":5.943099999999504,"failureMessages":[],"meta":{}},{"ancestorTitles":["ASCVD Risk Calculator","Input Validation"],"fullName":"ASCVD Risk Calculator Input Validation validates age range (40-79 years)","status":"passed","title":"validates age range (40-79 years)","duration":3.605399999999463,"failureMessages":[],"meta":{}},{"ancestorTitles":["ASCVD Risk Calculator","Input Validation"],"fullName":"ASCVD Risk Calculator Input Validation validates cholesterol ranges","status":"passed","title":"validates cholesterol ranges","duration":1.850100000000566,"failureMessages":[],"meta":{}},{"ancestorTitles":["ASCVD Risk Calculator","Input Validation"],"fullName":"ASCVD Risk Calculator Input Validation validates blood pressure ranges","status":"passed","title":"validates blood pressure ranges","duration":1.478399999999965,"failureMessages":[],"meta":{}},{"ancestorTitles":["ASCVD Risk Calculator","Risk Calculation Accuracy"],"fullName":"ASCVD Risk Calculator Risk Calculation Accuracy calculates low risk correctly (< 5%)","status":"passed","title":"calculates low risk correctly (< 5%)","duration":1.3791999999994005,"failureMessages":[],"meta":{}},{"ancestorTitles":["ASCVD Risk Calculator","Risk Calculation Accuracy"],"fullName":"ASCVD Risk Calculator Risk Calculation Accuracy calculates borderline risk correctly (5-7.4%)","status":"passed","title":"calculates borderline risk correctly (5-7.4%)","duration":0.8856000000005224,"failureMessages":[],"meta":{}},{"ancestorTitles":["ASCVD Risk Calculator","Risk Calculation Accuracy"],"fullName":"ASCVD Risk Calculator Risk Calculation Accuracy calculates intermediate risk correctly (7.5-19.9%)","status":"passed","title":"calculates intermediate risk correctly (7.5-19.9%)","duration":0.5828999999994267,"failureMessages":[],"meta":{}},{"ancestorTitles":["ASCVD Risk Calculator","Risk Calculation Accuracy"],"fullName":"ASCVD Risk Calculator Risk Calculation Accuracy calculates high risk correctly (≥ 20%)","status":"passed","title":"calculates high risk correctly (≥ 20%)","duration":0.4779000000007727,"failureMessages":[],"meta":{}},{"ancestorTitles":["ASCVD Risk Calculator","Risk Factors Impact"],"fullName":"ASCVD Risk Calculator Risk Factors Impact diabetes increases risk","status":"passed","title":"diabetes increases risk","duration":0.8951999999999316,"failureMessages":[],"meta":{}},{"ancestorTitles":["ASCVD Risk Calculator","Risk Factors Impact"],"fullName":"ASCVD Risk Calculator Risk Factors Impact smoking increases risk","status":"passed","title":"smoking increases risk","duration":0.447400000000016,"failureMessages":[],"meta":{}},{"ancestorTitles":["ASCVD Risk Calculator","Risk Factors Impact"],"fullName":"ASCVD Risk Calculator Risk Factors Impact hypertension treatment affects risk calculation","status":"passed","title":"hypertension treatment affects risk calculation","duration":2.609799999999268,"failureMessages":[],"meta":{}},{"ancestorTitles":["ASCVD Risk Calculator","Risk Factors Impact"],"fullName":"ASCVD Risk Calculator Risk Factors Impact higher age increases risk","status":"passed","title":"higher age increases risk","duration":0.4309000000002925,"failureMessages":[],"meta":{}},{"ancestorTitles":["ASCVD Risk Calculator","Risk Factors Impact"],"fullName":"ASCVD Risk Calculator Risk Factors Impact higher cholesterol increases risk","status":"passed","title":"higher cholesterol increases risk","duration":0.3533000000006723,"failureMessages":[],"meta":{}},{"ancestorTitles":["ASCVD Risk Calculator","Risk Factors Impact"],"fullName":"ASCVD Risk Calculator Risk Factors Impact higher HDL decreases risk","status":"passed","title":"higher HDL decreases risk","duration":0.3154000000004089,"failureMessages":[],"meta":{}},{"ancestorTitles":["ASCVD Risk Calculator","Gender Differences"],"fullName":"ASCVD Risk Calculator Gender Differences calculates different risks for males and females","status":"passed","title":"calculates different risks for males and females","duration":0.38690000000042346,"failureMessages":[],"meta":{}},{"ancestorTitles":["ASCVD Risk Calculator","Race Differences"],"fullName":"ASCVD Risk Calculator Race Differences calculates different risks for different races","status":"passed","title":"calculates different risks for different races","duration":0.43209999999999127,"failureMessages":[],"meta":{}},{"ancestorTitles":["ASCVD Risk Calculator","Treatment Recommendations"],"fullName":"ASCVD Risk Calculator Treatment Recommendations recommends statin therapy for high risk","status":"passed","title":"recommends statin therapy for high risk","duration":1.6651999999994587,"failureMessages":[],"meta":{}},{"ancestorTitles":["ASCVD Risk Calculator","Treatment Recommendations"],"fullName":"ASCVD Risk Calculator Treatment Recommendations includes lifestyle modifications for all risk categories","status":"passed","title":"includes lifestyle modifications for all risk categories","duration":0.48849999999947613,"failureMessages":[],"meta":{}},{"ancestorTitles":["ASCVD Risk Calculator","Edge Cases"],"fullName":"ASCVD Risk Calculator Edge Cases handles boundary values correctly","status":"passed","title":"handles boundary values correctly","duration":0.694300000000112,"failureMessages":[],"meta":{}},{"ancestorTitles":["ASCVD Risk Calculator","Edge Cases"],"fullName":"ASCVD Risk Calculator Edge Cases risk percentage is always between 0 and 100","status":"passed","title":"risk percentage is always between 0 and 100","duration":0.5036000000000058,"failureMessages":[],"meta":{}},{"ancestorTitles":["ASCVD Risk Calculator","Lifetime Risk Calculation"],"fullName":"ASCVD Risk Calculator Lifetime Risk Calculation calculates lifetime risk for eligible patients","status":"passed","title":"calculates lifetime risk for eligible patients","duration":0.3806000000004133,"failureMessages":[],"meta":{}}],"startTime":1765524198851,"endTime":1765524198879.5037,"status":"passed","message":"","name":"D:/Project/healthcare-apps/clinical-toolkit/src/utils/ascvd/__tests__/ascvd-calculator.test.ts"},{"assertionResults":[{"ancestorTitles":["A1CConverter","Component Rendering"],"fullName":"A1CConverter Component Rendering should render A1C converter title","status":"passed","title":"should render A1C converter title","duration":173.65040000000045,"failureMessages":[],"meta":{}},{"ancestorTitles":["A1CConverter","Component Rendering"],"fullName":"A1CConverter Component Rendering should render input field for A1C percentage","status":"passed","title":"should render input field for A1C percentage","duration":14.530800000000454,"failureMessages":[],"meta":{}},{"ancestorTitles":["A1CConverter","Component Rendering"],"fullName":"A1CConverter Component Rendering should render convert button","status":"passed","title":"should render convert button","duration":220.26980000000003,"failureMessages":[],"meta":{}},{"ancestorTitles":["A1CConverter","Component Rendering"],"fullName":"A1CConverter Component Rendering should show formula reference","status":"passed","title":"should show formula reference","duration":351.20410000000084,"failureMessages":[],"meta":{}},{"ancestorTitles":["A1CConverter","ADA Reference Value Conversions"],"fullName":"A1CConverter ADA Reference Value Conversions should convert A1C 5% to ~97 mg/dL (Normal glucose tolerance)","status":"passed","title":"should convert A1C 5% to ~97 mg/dL (Normal glucose tolerance)","duration":232.86369999999988,"failureMessages":[],"meta":{}},{"ancestorTitles":["A1CConverter","ADA Reference Value Conversions"],"fullName":"A1CConverter ADA Reference Value Conversions should convert A1C 5.7% to ~117 mg/dL (Prediabetes threshold)","status":"passed","title":"should convert A1C 5.7% to ~117 mg/dL (Prediabetes threshold)","duration":261.53819999999905,"failureMessages":[],"meta":{}},{"ancestorTitles":["A1CConverter","ADA Reference Value Conversions"],"fullName":"A1CConverter ADA Reference Value Conversions should convert A1C 6% to ~126 mg/dL (Diabetes diagnostic threshold)","status":"passed","title":"should convert A1C 6% to ~126 mg/dL (Diabetes diagnostic threshold)","duration":226.46290000000045,"failureMessages":[],"meta":{}},{"ancestorTitles":["A1CConverter","ADA Reference Value Conversions"],"fullName":"A1CConverter ADA Reference Value Conversions should convert A1C 6.5% to ~140 mg/dL (Diabetes confirmed)","status":"passed","title":"should convert A1C 6.5% to ~140 mg/dL (Diabetes confirmed)","duration":282.65800000000127,"failureMessages":[],"meta":{}},{"ancestorTitles":["A1CConverter","ADA Reference Value Conversions"],"fullName":"A1CConverter ADA Reference Value Conversions should convert A1C 7% to ~154 mg/dL (ADA treatment target)","status":"passed","title":"should convert A1C 7% to ~154 mg/dL (ADA treatment target)","duration":265,"failureMessages":[],"meta":{}},{"ancestorTitles":["A1CConverter","ADA Reference Value Conversions"],"fullName":"A1CConverter ADA Reference Value Conversions should convert A1C 8% to ~183 mg/dL (Above target, intensify)","status":"passed","title":"should convert A1C 8% to ~183 mg/dL (Above target, intensify)","duration":172.79640000000109,"failureMessages":[],"meta":{}},{"ancestorTitles":["A1CConverter","ADA Reference Value Conversions"],"fullName":"A1CConverter ADA Reference Value Conversions should convert A1C 9% to ~212 mg/dL (Poor control)","status":"passed","title":"should convert A1C 9% to ~212 mg/dL (Poor control)","duration":238.52080000000024,"failureMessages":[],"meta":{}},{"ancestorTitles":["A1CConverter","ADA Reference Value Conversions"],"fullName":"A1CConverter ADA Reference Value Conversions should convert A1C 10% to ~240 mg/dL (Very poor control)","status":"passed","title":"should convert A1C 10% to ~240 mg/dL (Very poor control)","duration":204.1416999999983,"failureMessages":[],"meta":{}},{"ancestorTitles":["A1CConverter","Calculation Accuracy"],"fullName":"A1CConverter Calculation Accuracy should calculate using correct formula: eAG = 28.7 × A1C - 46.7","status":"passed","title":"should calculate using correct formula: eAG = 28.7 × A1C - 46.7","duration":709.2965000000004,"failureMessages":[],"meta":{}},{"ancestorTitles":["A1CConverter","Calculation Accuracy"],"fullName":"A1CConverter Calculation Accuracy should round to nearest integer","status":"passed","title":"should round to nearest integer","duration":244.29130000000077,"failureMessages":[],"meta":{}},{"ancestorTitles":["A1CConverter","Calculation Accuracy"],"fullName":"A1CConverter Calculation Accuracy should handle decimal A1C values correctly","status":"passed","title":"should handle decimal A1C values correctly","duration":203.5139999999992,"failureMessages":[],"meta":{}},{"ancestorTitles":["A1CConverter","Clinical Range Validation"],"fullName":"A1CConverter Clinical Range Validation should identify normal glucose control (A1C < 5.7%)","status":"passed","title":"should identify normal glucose control (A1C < 5.7%)","duration":215.38200000000143,"failureMessages":[],"meta":{}},{"ancestorTitles":["A1CConverter","Clinical Range Validation"],"fullName":"A1CConverter Clinical Range Validation should identify prediabetes threshold (A1C 5.7-6.4%)","status":"passed","title":"should identify prediabetes threshold (A1C 5.7-6.4%)","duration":221.6384999999991,"failureMessages":[],"meta":{}},{"ancestorTitles":["A1CConverter","Clinical Range Validation"],"fullName":"A1CConverter Clinical Range Validation should identify diabetes diagnostic threshold (A1C ≥ 6.5%)","status":"passed","title":"should identify diabetes diagnostic threshold (A1C ≥ 6.5%)","duration":291.09230000000025,"failureMessages":[],"meta":{}},{"ancestorTitles":["A1CConverter","Clinical Range Validation"],"fullName":"A1CConverter Clinical Range Validation should identify ADA treatment target (A1C 7.0%)","status":"passed","title":"should identify ADA treatment target (A1C 7.0%)","duration":290.97550000000047,"failureMessages":[],"meta":{}},{"ancestorTitles":["A1CConverter","Clinical Range Validation"],"fullName":"A1CConverter Clinical Range Validation should identify poor control (A1C ≥ 9.0%)","status":"passed","title":"should identify poor control (A1C ≥ 9.0%)","duration":305.91330000000016,"failureMessages":[],"meta":{}},{"ancestorTitles":["A1CConverter","Input Validation"],"fullName":"A1CConverter Input Validation should reject A1C values below 4%","status":"passed","title":"should reject A1C values below 4%","duration":250.32440000000133,"failureMessages":[],"meta":{}},{"ancestorTitles":["A1CConverter","Input Validation"],"fullName":"A1CConverter Input Validation should reject A1C values above 15%","status":"passed","title":"should reject A1C values above 15%","duration":318.4349000000002,"failureMessages":[],"meta":{}},{"ancestorTitles":["A1CConverter","Input Validation"],"fullName":"A1CConverter Input Validation should accept minimum valid value (4.0%)","status":"passed","title":"should accept minimum valid value (4.0%)","duration":426.97350000000006,"failureMessages":[],"meta":{}},{"ancestorTitles":["A1CConverter","Input Validation"],"fullName":"A1CConverter Input Validation should accept maximum valid value (15.0%)","status":"passed","title":"should accept maximum valid value (15.0%)","duration":439.9875000000011,"failureMessages":[],"meta":{}},{"ancestorTitles":["A1CConverter","Input Validation"],"fullName":"A1CConverter Input Validation should handle empty input gracefully","status":"passed","title":"should handle empty input gracefully","duration":142.3834999999999,"failureMessages":[],"meta":{}},{"ancestorTitles":["A1CConverter","Input Validation"],"fullName":"A1CConverter Input Validation should handle non-numeric input gracefully","status":"passed","title":"should handle non-numeric input gracefully","duration":110.01220000000103,"failureMessages":[],"meta":{}},{"ancestorTitles":["A1CConverter","Edge Cases"],"fullName":"A1CConverter Edge Cases should handle very low A1C (4.0%) correctly","status":"passed","title":"should handle very low A1C (4.0%) correctly","duration":237.67699999999968,"failureMessages":[],"meta":{}},{"ancestorTitles":["A1CConverter","Edge Cases"],"fullName":"A1CConverter Edge Cases should handle very high A1C (15.0%) correctly","status":"passed","title":"should handle very high A1C (15.0%) correctly","duration":239.5609999999997,"failureMessages":[],"meta":{}},{"ancestorTitles":["A1CConverter","Edge Cases"],"fullName":"A1CConverter Edge Cases should handle precision with many decimal places","status":"passed","title":"should handle precision with many decimal places","duration":307.7433000000001,"failureMessages":[],"meta":{}},{"ancestorTitles":["A1CConverter","Clinical Reference Validation"],"fullName":"A1CConverter Clinical Reference Validation should use validated ADA formula","status":"passed","title":"should use validated ADA formula","duration":2.7805000000007567,"failureMessages":[],"meta":{}},{"ancestorTitles":["A1CConverter","Clinical Reference Validation"],"fullName":"A1CConverter Clinical Reference Validation should use correct formula coefficients","status":"passed","title":"should use correct formula coefficients","duration":1.0171000000009371,"failureMessages":[],"meta":{}},{"ancestorTitles":["A1CConverter","User Experience"],"fullName":"A1CConverter User Experience should clear previous results when converting new value","status":"passed","title":"should clear previous results when converting new value","duration":452.46619999999893,"failureMessages":[],"meta":{}},{"ancestorTitles":["A1CConverter","User Experience"],"fullName":"A1CConverter User Experience should allow updating input value","status":"passed","title":"should allow updating input value","duration":134.916500000003,"failureMessages":[],"meta":{}}],"startTime":1765524188204,"endTime":1765524196399.9165,"status":"passed","message":"","name":"D:/Project/healthcare-apps/clinical-toolkit/src/components/tools/__tests__/A1CConverter.test.tsx"},{"assertionResults":[{"ancestorTitles":["AsthmaControlTest"],"fullName":"AsthmaControlTest renders the initial assessment form","status":"passed","title":"renders the initial assessment form","duration":119.03509999999915,"failureMessages":[],"meta":{}},{"ancestorTitles":["AsthmaControlTest"],"fullName":"AsthmaControlTest shows first question when starting assessment","status":"passed","title":"shows first question when starting assessment","duration":500.4514999999992,"failureMessages":[],"meta":{}},{"ancestorTitles":["AsthmaControlTest"],"fullName":"AsthmaControlTest allows answering questions and progressing through assessment","status":"passed","title":"allows answering questions and progressing through assessment","duration":466.8323999999993,"failureMessages":[],"meta":{}},{"ancestorTitles":["AsthmaControlTest"],"fullName":"AsthmaControlTest calculates and displays results after completing all questions","status":"passed","title":"calculates and displays results after completing all questions","duration":1031.7025000000012,"failureMessages":[],"meta":{}},{"ancestorTitles":["AsthmaControlTest"],"fullName":"AsthmaControlTest saves results when save button is clicked","status":"passed","title":"saves results when save button is clicked","duration":935.2672000000002,"failureMessages":[],"meta":{}},{"ancestorTitles":["AsthmaControlTest"],"fullName":"AsthmaControlTest allows restarting the assessment","status":"passed","title":"allows restarting the assessment","duration":231.95069999999942,"failureMessages":[],"meta":{}},{"ancestorTitles":["AsthmaControlTest"],"fullName":"AsthmaControlTest handles errors gracefully when saving fails","status":"failed","title":"handles errors gracefully when saving fails","duration":1883.6918000000005,"failureMessages":["AssertionError: expected \"spy\" to be called with arguments: [ 'Error saving ACT results:', …(1) ]\u001b[90m\n\nNumber of calls: \u001b[1m0\u001b[22m\n\u001b[39m\n\nIgnored nodes: comments, script, style\n\u001b[36m<html>\u001b[39m\n  \u001b[36m<head />\u001b[39m\n  \u001b[36m<body>\u001b[39m\n    \u001b[36m<div>\u001b[39m\n      \u001b[36m<div\u001b[39m\n        \u001b[33mclass\u001b[39m=\u001b[32m\"max-w-4xl mx-auto bg-white rounded-lg shadow-sm border border-gray-200 p-6\"\u001b[39m\n      \u001b[36m>\u001b[39m\n        \u001b[36m<div\u001b[39m\n          \u001b[33mclass\u001b[39m=\u001b[32m\"flex items-center space-x-2 mb-6\"\u001b[39m\n        \u001b[36m>\u001b[39m\n          \u001b[36m<svg\u001b[39m\n            \u001b[33maria-hidden\u001b[39m=\u001b[32m\"true\"\u001b[39m\n            \u001b[33mclass\u001b[39m=\u001b[32m\"lucide lucide-wind w-6 h-6 text-purple-600\"\u001b[39m\n            \u001b[33mfill\u001b[39m=\u001b[32m\"none\"\u001b[39m\n            \u001b[33mheight\u001b[39m=\u001b[32m\"24\"\u001b[39m\n            \u001b[33mstroke\u001b[39m=\u001b[32m\"currentColor\"\u001b[39m\n            \u001b[33mstroke-linecap\u001b[39m=\u001b[32m\"round\"\u001b[39m\n            \u001b[33mstroke-linejoin\u001b[39m=\u001b[32m\"round\"\u001b[39m\n            \u001b[33mstroke-width\u001b[39m=\u001b[32m\"2\"\u001b[39m\n            \u001b[33mviewBox\u001b[39m=\u001b[32m\"0 0 24 24\"\u001b[39m\n            \u001b[33mwidth\u001b[39m=\u001b[32m\"24\"\u001b[39m\n            \u001b[33mxmlns\u001b[39m=\u001b[32m\"http://www.w3.org/2000/svg\"\u001b[39m\n          \u001b[36m>\u001b[39m\n            \u001b[36m<path\u001b[39m\n              \u001b[33md\u001b[39m=\u001b[32m\"M12.8 19.6A2 2 0 1 0 14 16H2\"\u001b[39m\n            \u001b[36m/>\u001b[39m\n            \u001b[36m<path\u001b[39m\n              \u001b[33md\u001b[39m=\u001b[32m\"M17.5 8a2.5 2.5 0 1 1 2 4H2\"\u001b[39m\n            \u001b[36m/>\u001b[39m\n            \u001b[36m<path\u001b[39m\n              \u001b[33md\u001b[39m=\u001b[32m\"M9.8 4.4A2 2 0 1 1 11 8H2\"\u001b[39m\n            \u001b[36m/>\u001b[39m\n          \u001b[36m</svg>\u001b[39m\n          \u001b[36m<div>\u001b[39m\n            \u001b[36m<h3\u001b[39m\n              \u001b[33mclass\u001b[39m=\u001b[32m\"text-xl font-bold text-gray-900\"\u001b[39m\n            \u001b[36m>\u001b[39m\n              \u001b[0mAsthma Control Test (ACT)\u001b[0m\n            \u001b[36m</h3>\u001b[39m\n            \u001b[36m<p\u001b[39m\n              \u001b[33mclass\u001b[39m=\u001b[32m\"text-gray-600\"\u001b[39m\n            \u001b[36m>\u001b[39m\n              \u001b[0mAssess how well your asthma has been controlled in the past 4 weeks\u001b[0m\n            \u001b[36m</p>\u001b[39m\n          \u001b[36m</div>\u001b[39m\n        \u001b[36m</div>\u001b[39m\n        \u001b[36m<div\u001b[39m\n          \u001b[33mclass\u001b[39m=\u001b[32m\"space-y-6\"\u001b[39m\n        \u001b[36m>\u001b[39m\n          \u001b[36m<div\u001b[39m\n            \u001b[33mclass\u001b[39m=\u001b[32m\"text-center\"\u001b[39m\n          \u001b[36m>\u001b[39m\n            \u001b[36m<div\u001b[39m\n              \u001b[33mclass\u001b[39m=\u001b[32m\"inline-flex items-center justify-center w-20 h-20 bg-purple-100 rounded-full mb-4\"\u001b[39m\n            \u001b[36m>\u001b[39m\n              \u001b[36m<span\u001b[39m\n                \u001b[33mclass\u001b[39m=\u001b[32m\"text-3xl font-bold text-purple-800\"\u001b[39m\n              \u001b[36m>\u001b[39m\n                \u001b[0m25\u001b[0m\n              \u001b[36m</span>\u001b[39m\n            \u001b[36m</div>\u001b[39m\n            \u001b[36m<h4\u001b[39m\n              \u001b[33mclass\u001b[39m=\u001b[32m\"text-2xl font-bold text-gray-900\"\u001b[39m\n            \u001b[36m>\u001b[39m\n              \u001b[0mYour ACT Score: \u001b[0m\n              \u001b[0m25\u001b[0m\n              \u001b[0m/25\u001b[0m\n            \u001b[36m</h4>\u001b[39m\n          \u001b[36m</div>\u001b[39m\n          \u001b[36m<div\u001b[39m\n            \u001b[33mclass\u001b[39m=\u001b[32m\"rounded-lg p-6 border text-green-800 bg-green-100 border-green-200\"\u001b[39m\n          \u001b[36m>\u001b[39m\n            \u001b[36m<div\u001b[39m\n              \u001b[33mclass\u001b[39m=\u001b[32m\"flex items-start space-x-3\"\u001b[39m\n            \u001b[36m>\u001b[39m\n              \u001b[36m<div\u001b[39m\n                \u001b[33mclass\u001b[39m=\u001b[32m\"flex-shrink-0\"\u001b[39m\n              \u001b[36m>\u001b[39m\n                \u001b[36m<svg\u001b[39m\n                  \u001b[33maria-hidden\u001b[39m=\u001b[32m\"true\"\u001b[39m\n                  \u001b[33mclass\u001b[39m=\u001b[32m\"lucide lucide-circle-check-big w-6 h-6 text-green-600\"\u001b[39m\n                  \u001b[33mfill\u001b[39m=\u001b[32m\"none\"\u001b[39m\n                  \u001b[33mheight\u001b[39m=\u001b[32m\"24\"\u001b[39m\n                  \u001b[33mstroke\u001b[39m=\u001b[32m\"currentColor\"\u001b[39m\n                  \u001b[33mstroke-linecap\u001b[39m=\u001b[32m\"round\"\u001b[39m\n                  \u001b[33mstroke-linejoin\u001b[39m=\u001b[32m\"round\"\u001b[39m\n                  \u001b[33mstroke-width\u001b[39m=\u001b[32m\"2\"\u001b[39m\n                  \u001b[33mviewBox\u001b[39m=\u001b[32m\"0 0 24 24\"\u001b[39m\n                  \u001b[33mwidth\u001b[39m=\u001b[32m\"24\"\u001b[39m\n                  \u001b[33mxmlns\u001b[39m=\u001b[32m\"http://www.w3.org/2000/svg\"\u001b[39m\n                \u001b[36m>\u001b[39m\n                  \u001b[36m<path\u001b[39m\n                    \u001b[33md\u001b[39m=\u001b[32m\"M21.801 10A10 10 0 1 1 17 3.335\"\u001b[39m\n                  \u001b[36m/>\u001b[39m\n                  \u001b[36m<path\u001b[39m\n                    \u001b[33md\u001b[39m=\u001b[32m\"m9 11 3 3L22 4\"\u001b[39m\n                  \u001b[36m/>\u001b[39m\n                \u001b[36m</svg>\u001b[39m\n              \u001b[36m</div>\u001b[39m\n              \u001b[36m<div\u001b[39m\n                \u001b[33mclass\u001b[39m=\u001b[32m\"flex-1\"\u001b[39m\n              \u001b[36m>\u001b[39m\n                \u001b[36m<h5\u001b[39m\n                  \u001b[33mclass\u001b[39m=\u001b[32m\"font-bold text-lg mb-2\"\u001b[39m\n                \u001b[36m>\u001b[39m\n                  \u001b[0mWell-Controlled Asthma\u001b[0m\n                \u001b[36m</h5>\u001b[39m\n                \u001b[36m<p\u001b[39m\n                  \u001b[33mclass\u001b[39m=\u001b[32m\"mb-4\"\u001b[39m\n                \u001b[36m>\u001b[39m\n                  \u001b[0mYour asthma appears to be well controlled\u001b[0m\n                \u001b[36m</p>\u001b[39m\n                \u001b[36m<div>\u001b[39m\n                  \u001b[36m<h6\u001b[39m\n                    \u001b[33mclass\u001b[39m=\u001b[32m\"font-semibold mb-2\"\u001b[39m\n                  \u001b[36m>\u001b[39m\n                    \u001b[0mRecommended Actions:\u001b[0m\n                  \u001b[36m</h6>\u001b[39m\n                  \u001b[36m<ul\u001b[39m\n                    \u001b[33mclass\u001b[39m=\u001b[32m\"space-y-1\"\u001b[39m\n                  \u001b[36m>\u001b[39m\n                    \u001b[36m<li\u001b[39m\n                      \u001b[33mclass\u001b[39m=\u001b[32m\"flex items-start\"\u001b[39m\n                    \u001b[36m>\u001b[39m\n                      \u001b[36m<span\u001b[39m\n                        \u001b[33mclass\u001b[39m=\u001b[32m\"w-1.5 h-1.5 bg-current rounded-full mt-2 mr-2 flex-shrink-0\"\u001b[39m\n                      \u001b[36m/>\u001b[39m\n                      \u001b[36m<span\u001b[39m\n                        \u001b[33mclass\u001b[39m=\u001b[32m\"text-sm\"\u001b[39m\n                      \u001b[36m>\u001b[39m\n                        \u001b[0mContinue current treatment plan\u001b[0m\n                      \u001b[36m</span>\u001b[39m\n                    \u001b[36m</li>\u001b[39m\n                    \u001b[36m<li\u001b[39m\n                      \u001b[33mclass\u001b[39m=\u001b[32m\"flex items-start\"\u001b[39m\n                    \u001b[36m>\u001b[39m\n                      \u001b[36m<span\u001b[39m\n                        \u001b[33mclass\u001b[39m=\u001b[32m\"w-1.5 h-1.5 bg-current rounded-full mt-2 mr-2 flex-shrink-0\"\u001b[39m\n                      \u001b[36m/>\u001b[39m\n                      \u001b[36m<span\u001b[39m\n                        \u001b[33mclass\u001b[39m=\u001b[32m\"text-sm\"\u001b[39m\n                      \u001b[36m>\u001b[39m\n                        \u001b[0mRegular follow-up with healthcare provider every 3-6 months\u001b[0m\n                      \u001b[36m</span>\u001b[39m\n                    \u001b[36m</li>\u001b[39m\n                    \u001b[36m<li\u001b[39m\n                      \u001b[33mclass\u001b[39m=\u001b[32m\"flex items-start\"\u001b[39m\n                    \u001b[36m>\u001b[39m\n                      \u001b[36m<span\u001b[39m\n                        \u001b[33mclass\u001b[39m=\u001b[32m\"w-1.5 h-1.5 bg-current rounded-full mt-2 mr-2 flex-shrink-0\"\u001b[39m\n                      \u001b[36m/>\u001b[39m\n                      \u001b[36m<span\u001b[39m\n                        \u001b[33mclass\u001b[39m=\u001b[32m\"text-sm\"\u001b[39m\n                      \u001b[36m>\u001b[39m\n                        \u001b[0mContinue environmental trigger avoidance\u001b[0m\n                      \u001b[36m</span>\u001b[39m\n                    \u001b[36m</li>\u001b[39m\n                    \u001b[36m<li\u001b[39m\n                      \u001b[33mclass\u001b[39m=\u001b[32m\"flex items-start\"\u001b[39m\n                    \u001b[36m>\u001b[39m\n                      \u001b[36m<span\u001b[39m\n                        \u001b[33mclass\u001b[39m=\u001b[32m\"w-1.5 h-1.5 bg-current rounded-full mt-2 mr-2 flex-shrink-0\"\u001b[39m\n                      \u001b[36m/>\u001b[39m\n                      \u001b[36m<span\u001b[39m\n                        \u001b[33mclass\u001b[39m=\u001b[32m\"text-sm\"\u001b[39m\n                      \u001b[36m>\u001b[39m\n                        \u001b[0mMaintain written asthma action plan\u001b[0m\n                      \u001b[36m</span>\u001b[39m\n                    \u001b[36m</li>\u001b[39m\n                    \u001b[36m<li\u001b[39m\n                      \u001b[33mclass\u001b[39m=\u001b[32m\"flex items-start\"\u001b[39m\n                    \u001b[36m>\u001b[39m\n                      \u001b[36m<span\u001b[39m\n                        \u001b[33mclass\u001b[39m=\u001b[32m\"w-1.5 h-1.5 bg-current rounded-full mt-2 mr-2 flex-shrink-0\"\u001b[39m\n                      \u001b[36m/>\u001b[39m\n                      \u001b[36m<span\u001b[39m\n                        \u001b[33mclass\u001b[39m=\u001b[32m\"text-sm\"\u001b[39m\n                      \u001b[36m>\u001b[39m\n                        \u001b[0mAnnual flu vaccination\u001b[0m\n                      \u001b[36m</span>\u001b[39m\n                    \u001b[36m</li>\u001b[39m\n                    \u001b[36m<li\u001b[39m\n                      \u001b[33mclass\u001b[39m=\u001b[32m\"flex items-start\"\u001b[39m\n                    \u001b[36m>\u001b[39m\n                      \u001b[36m<span\u001b[39m\n                        \u001b[33mclass\u001b[39m=\u001b[32m\"w-1.5 h-1.5 bg-current rounded-full mt-2 mr-2 flex-shrink-0\"\u001b[39m\n                      \u001b[36m/>\u001b[39m\n                      \u001b[36m<span\u001b[39m\n                        \u001b[33mclass\u001b[39m=\u001b[32m\"text-sm\"\u001b[39m\n                      \u001b[36m>\u001b[39m\n                        \u001b[0mConsider step-down therapy if well-controlled for ≥3 months\u001b[0m\n                      \u001b[36m</span>\u001b[39m\n                    \u001b[36m</li>\u001b[39m\n                  \u001b[36m</ul>\u001b[39m\n                \u001b[36m</div>\u001b[39m\n                \u001b[36m<div\u001b[39m\n                  \u001b[33mclass\u001b[39m=\u001b[32m\"mt-4 p-3 bg-gray-50 rounded-lg\"\u001b[39m\n                \u001b[36m>\u001b[39m\n                  \u001b[36m<h6\u001b[39m\n                    \u001b[33mclass\u001b[39m=\u001b[32m\"font-semibold text-gray-900 mb-1\"\u001b[39m\n                  \u001b[36m>\u001b[39m\n                    \u001b[0mClinical Action:\u001b[0m\n                  \u001b[36m</h6>\u001b[39m\n                  \u001b[36m<p\u001b[39m\n                    \u001b[33mclass\u001b[39m=\u001b[32m\"text-sm text-gray-700\"\u001b[39m\n                  \u001b[36m>\u001b[39m\n                    \u001b[0mCurrent therapy appears appropriate. Consider stepping down if control maintained ≥3 months.\u001b[0m\n                  \u001b[36m</p>\u001b[39m\n                \u001b[36m</div>\u001b[39m\n              \u001b[36m</div>\u001b[39m\n            \u001b[36m</div>\u001b[39m\n          \u001b[36m</div>\u001b[39m\n          \u001b[36m<div\u001b[39m\n            \u001b[33mclass\u001b[39m=\u001b[32m\"bg-blue-50 border border-blue-200 rounded-lg p-6\"\u001b[39m\n          \u001b[36m>\u001b[39m\n            \u001b[36m<div\u001b[39m\n              \u001b[33mclass\u001b[39m=\u001b[32m\"flex items-start space-x-3\"\u001b[39m\n            \u001b[36m>\u001b[39m\n              \u001b[36m<svg\u001b[39m\n                \u001b[33maria-hidden\u001b[39m=\u001b[32m\"true\"\u001b[39m\n                \u001b[33mclass\u001b[39m=\u001b[32m\"lucide lucide-activity w-6 h-6 text-blue-600 flex-shrink-0\"\u001b[39m\n                \u001b[33mfill\u001b[39m=\u001b[32m\"none\"\u001b[39m\n                \u001b[33mheight\u001b[39m=\u001b[32m\"24\"\u001b[39m\n                \u001b[33mstroke\u001b[39m=\u001b[32m\"currentColor\"\u001b[39m\n                \u001b[33mstroke-linecap\u001b[39m=\u001b[32m\"round\"\u001b[39m\n                \u001b[33mstroke-linejoin\u001b[39m=\u001b[32m\"round\"\u001b[39m\n                \u001b[33mstroke-width\u001b[39m=\u001b[32m\"2\"\u001b[39m\n                \u001b[33mviewBox\u001b[39m=\u001b[32m\"0 0 24 24\"\u001b[39m\n                \u001b[33mwidth\u001b[39m=\u001b[32m\"24\"\u001b[39m\n                \u001b[33mxmlns\u001b[39m=\u001b[32m\"http://www.w3.org/2000/svg\"\u001b[39m\n              \u001b[36m>\u001b[39m\n                \u001b[36m<path\u001b[39m\n                  \u001b[33md\u001b[39m=\u001b[32m\"M22 12h-2.48a2 2 0 0 0-1.93 1.46l-2.35 8.36a.25.25 0 0 1-.48 0L9.24 2.18a.25.25 0 0 0-.48 0l-2.35 8.36A2 2 0 0 1 4.49 12H2\"\u001b[39m\n                \u001b[36m/>\u001b[39m\n              \u001b[36m</svg>\u001b[39m\n              \u001b[36m<div\u001b[39m\n                \u001b[33mclass\u001b[39m=\u001b[32m\"flex-1\"\u001b[39m\n              \u001b[36m>\u001b[39m\n                \u001b[36m<h5\u001b[39m\n                  \u001b[33mclass\u001b[39m=\u001b[32m\"font-bold text-blue-900 mb-3\"\u001b[39m\n                \u001b[36m>\u001b[39m\n                  \u001b[0mStep Therapy Recommendations\u001b[0m\n                \u001b[36m</h5>\u001b[39m\n                \u001b[36m<div\u001b[39m\n                  \u001b[33mclass\u001b[39m=\u001b[32m\"space-y-4\"\u001b[39m\n                \u001b[36m>\u001b[39m\n                  \u001b[36m<div>\u001b[39m\n                    \u001b[36m<h6\u001b[39m\n                      \u001b[33mclass\u001b[39m=\u001b[32m\"font-semibold text-blue-800 mb-1\"\u001b[39m\n                    \u001b[36m>\u001b[39m\n                      \u001b[0mCurrent Status:\u001b[0m\n                    \u001b[36m</h6>\u001b[39m\n                    \u001b[36m<p\u001b[39m\n                      \u001b[33mclass\u001b[39m=\u001b[32m\"text-blue-700 text-sm\"\u001b[39m\n                    \u001b[36m>\u001b[39m\n                      \u001b[0mWell-controlled - maintain current therapy\u001b[0m\n                    \u001b[36m</p>\u001b[39m\n                  \u001b[36m</div>\u001b[39m\n                  \u001b[36m<div>\u001b[39m\n                    \u001b[36m<h6\u001b[39m\n                      \u001b[33mclass\u001b[39m=\u001b[32m\"font-semibold text-blue-800 mb-1\"\u001b[39m\n                    \u001b[36m>\u001b[39m\n                      \u001b[0mNext Step:\u001b[0m\n                    \u001b[36m</h6>\u001b[39m\n                    \u001b[36m<p\u001b[39m\n                      \u001b[33mclass\u001b[39m=\u001b[32m\"text-blue-700 text-sm\"\u001b[39m\n                    \u001b[36m>\u001b[39m\n                      \u001b[0mConsider step-down if controlled ≥3 months\u001b[0m\n                    \u001b[36m</p>\u001b[39m\n                  \u001b[36m</div>\u001b[39m\n                  \u001b[36m<div>\u001b[39m\n                    \u001b[36m<h6\u001b[39m\n                      \u001b[33mclass\u001b[39m=\u001b[32m\"font-semibold text-blue-800 mb-2\"\u001b[39m\n                    \u001b[36m>\u001b[39m\n                      \u001b[0mMedication Options:\u001b[0m\n                    \u001b[36m</h6>\u001b[39m\n                    \u001b[36m<ul\u001b[39m\n                      \u001b[33mclass\u001b[39m=\u001b[32m\"space-y-1\"\u001b[39m\n                    \u001b[36m>\u001b[39m\n                      \u001b[36m<li\u001b[39m\n                        \u001b[33mclass\u001b[39m=\u001b[32m\"flex items-start\"\u001b[39m\n                      \u001b[36m>\u001b[39m\n                        \u001b[36m<span\u001b[39m\n                          \u001b[33mclass\u001b[39m=\u001b[32m\"w-1.5 h-1.5 bg-blue-600 rounded-full mt-2 mr-2 flex-shrink-0\"\u001b[39m\n                        \u001b[36m/>\u001b[39m\n                        \u001b[36m<span\u001b[39m\n                          \u001b[33mclass\u001b[39m=\u001b[32m\"text-blue-700 text-sm\"\u001b[39m\n                        \u001b[36m>\u001b[39m\n                          \u001b[0mContinue current controller medication\u001b[0m\n                        \u001b[36m</span>\u001b[39m\n                      \u001b[36m</li>\u001b[39m\n                      \u001b[36m<li\u001b[39m\n                        \u001b[33mclass\u001b[39m=\u001b[32m\"flex items-start\"\u001b[39m\n                      \u001b[36m>\u001b[39m\n                        \u001b[36m<span\u001b[39m\n                          \u001b[33mclass\u001b[39m=\u001b[32m\"w-1.5 h-1.5 bg-blue-600 rounded-full mt-2 mr-2 flex-shrink-0\"\u001b[39m\n                        \u001b[36m/>\u001b[39m\n                        \u001b[36m<span\u001b[39m\n                          \u001b[33mclass\u001b[39m=\u001b[32m\"text-blue-700 text-sm\"\u001b[39m\n                        \u001b[36m>\u001b[39m\n                          \u001b[0mSABA as needed for symptoms\u001b[0m\n                        \u001b[36m</span>\u001b[39m\n                      \u001b[36m</li>\u001b[39m\n                    \u001b[36m</ul>\u001b[39m\n                  \u001b[36m</div>\u001b[39m\n                \u001b[36m</div>\u001b[39m\n              \u001b[36m</div>\u001b[39m\n            \u001b[36m</div>\u001b[39m\n          \u001b[36m</div>\u001b[39m\n          \u001b[36m<div\u001b[39m\n            \u001b[33mclass\u001b[39m=\u001b[32m\"bg-gray-50 rounded-lg p-6\"\u001b[39m\n          \u001b[36m>\u001b[39m\n            \u001b[36m<h5\u001b[39m\n              \u001b[33mclass\u001b[39m=\u001b[32m\"font-semibold text-gray-900 mb-4\"\u001b[39m\n            \u001b[36m>\u001b[39m\n              \u001b[0mACT Score Interpretation:\u001b[0m\n            \u001b[36m</h5>\u001b[39m\n            \u001b[36m<div\u001b[39m\n              \u001b[33mclass\u001b[39m=\u001b[32m\"grid grid-cols-1 md:grid-cols-2 gap-4\"\u001b[39m\n            \u001b[36m>\u001b[39m\n              \u001b[36m<div\u001b[39m\n                \u001b[33mclass\u001b[39m=\u001b[32m\"space-y-2\"\u001b[39m\n              \u001b[36m>\u001b[39m\n                \u001b[36m<div\u001b[39m\n                  \u001b[33mclass\u001b[39m=\u001b[32m\"flex items-center justify-between p-2 bg-green-100 rounded\"\u001b[39m\n                \u001b[36m>\u001b[39m\n                  \u001b[36m<span\u001b[39m\n                    \u001b[33mclass\u001b[39m=\u001b[32m\"text-sm font-medium text-green-800\"\u001b[39m\n                  \u001b[36m>\u001b[39m\n                    \u001b[0m20-25 points\u001b[0m\n                  \u001b[36m</span>\u001b[39m\n                  \u001b[36m<span\u001b[39m\n                    \u001b[33mclass\u001b[39m=\u001b[32m\"text-xs text-green-700\"\u001b[39m\n                  \u001b[36m>\u001b[39m\n                    \u001b[0mWell Controlled\u001b[0m\n                  \u001b[36m</span>\u001b[39m\n                \u001b[36m</div>\u001b[39m\n                \u001b[36m<div\u001b[39m\n                  \u001b[33mclass\u001b[39m=\u001b[32m\"flex items-center justify-between p-2 bg-yellow-100 rounded\"\u001b[39m\n                \u001b[36m>\u001b[39m\n                  \u001b[36m<span\u001b[39m\n                    \u001b[33mclass\u001b[39m=\u001b[32m\"text-sm font-medium text-yellow-800\"\u001b[39m\n                  \u001b[36m>\u001b[39m\n                    \u001b[0m16-19 points\u001b[0m\n                  \u001b[36m</span>\u001b[39m\n                  \u001b[36m<span\u001b[39m\n                    \u001b[33mclass\u001b[39m=\u001b[32m\"text-xs text-yellow-700\"\u001b[39m\n                  \u001b[36m>\u001b[39m\n                    \u001b[0mPartially Controlled\u001b[0m\n                  \u001b[36m</span>\u001b[39m\n                \u001b[36m</div>\u001b[39m\n                \u001b[36m<div\u001b[39m\n                  \u001b[33mclass\u001b[39m=\u001b[32m\"flex items-center justify-between p-2 bg-red-100 rounded\"\u001b[39m\n                \u001b[36m>\u001b[39m\n                  \u001b[36m<span\u001b[39m\n                    \u001b[33mclass\u001b[39m=\u001b[32m\"text-sm font-medium text-red-800\"\u001b[39m\n                  \u001b[36m>\u001b[39m\n                    \u001b[0m5-15 points\u001b[0m\n                  \u001b[36m</span>\u001b[39m\n                  \u001b[36m<span\u001b[39m\n                    \u001b[33mclass\u001b[39m=\u001b[32m\"text-xs text-red-700\"\u001b[39m\n                  \u001b[36m>\u001b[39m\n                    \u001b[0mPoorly Controlled\u001b[0m\n                  \u001b[36m</span>\u001b[39m\n                \u001b[36m</div>\u001b[39m\n              \u001b[36m</div>\u001b[39m\n              \u001b[36m<div\u001b[39m\n                \u001b[33mclass\u001b[39m=\u001b[32m\"text-sm text-gray-600 space-y-1\"\u001b[39m\n              \u001b[36m>\u001b[39m\n                \u001b[36m<p>\u001b[39m\n                  \u001b[0m• Minimum clinically important difference: 3 points\u001b[0m\n                \u001b[36m</p>\u001b[39m\n                \u001b[36m<p>\u001b[39m\n                  \u001b[0m• Reassess every 1-6 months based on control\u001b[0m\n                \u001b[36m</p>\u001b[39m\n                \u001b[36m<p>\u001b[39m\n                  \u001b[0m• Score &lt; 20 indicates need for treatment adjustment\u001b[0m\n                \u001b[36m</p>\u001b[39m\n                \u001b[36m<p>\u001b[39m\n                  \u001b[0m• Consider specialist referral for persistent poor control\u001b[0m\n                \u001b[36m</p>\u001b[39m\n              \u001b[36m</div>\u001b[39m\n            \u001b[36m</div>\u001b[39m\n          \u001b[36m</div>\u001b[39m\n          \u001b[36m<div\u001b[39m\n            \u001b[33mclass\u001b[39m=\u001b[32m\"flex space-x-4\"\u001b[39m\n          \u001b[36m>\u001b[39m\n            \u001b[36m<button\u001b[39m\n              \u001b[33mclass\u001b[39m=\u001b[32m\"flex-1 bg-gray-600 text-white py-3 px-6 rounded-lg hover:bg-gray-700 transition-colors min-h-touch-md\"\u001b[39m\n            \u001b[36m>\u001b[39m\n              \u001b[0mTake Test Again\u001b[0m\n            \u001b[36m</button>\u001b[39m\n            \u001b[36m<button\u001b[39m\n              \u001b[33mclass\u001b[39m=\u001b[32m\"flex-1 bg-purple-600 text-white py-3 px-6 rounded-lg hover:bg-purple-700 transition-colors min-h-touch-md\"\u001b[39m\n            \u001b[36m>\u001b[39m\n              \u001b[0mSave Results\u001b[0m\n            \u001b[36m</button>\u001b[39m\n          \u001b[36m</div>\u001b[39m\n        \u001b[36m</div>\u001b[39m\n      \u001b[36m</div>\u001b[39m\n    \u001b[36m</div>\u001b[39m\n  \u001b[36m</body>\u001b[39m\n\u001b[36m</html>\u001b[39m\n    at Proxy.<anonymous> (file:///D:/Project/healthcare-apps/clinical-toolkit/node_modules/@vitest/expect/dist/index.js:1355:10)\n    at Proxy.<anonymous> (file:///D:/Project/healthcare-apps/clinical-toolkit/node_modules/@vitest/expect/dist/index.js:1029:14)\n    at Proxy.methodWrapper (file:///D:/Project/healthcare-apps/clinical-toolkit/node_modules/chai/index.js:1686:25)\n    at D:\\Project\\healthcare-apps\\clinical-toolkit\\src\\components\\tools\\__tests__\\AsthmaControlTest.test.tsx:185:26\n    at runWithExpensiveErrorDiagnosticsDisabled (D:\\Project\\healthcare-apps\\clinical-toolkit\\node_modules\\@testing-library\\dom\\dist\\config.js:47:12)\n    at checkCallback (D:\\Project\\healthcare-apps\\clinical-toolkit\\node_modules\\@testing-library\\dom\\dist\\wait-for.js:124:77)\n    at Timeout.checkRealTimersCallback (D:\\Project\\healthcare-apps\\clinical-toolkit\\node_modules\\@testing-library\\dom\\dist\\wait-for.js:118:16)\n    at listOnTimeout (node:internal/timers:588:17)\n    at processTimers (node:internal/timers:523:7)"],"meta":{}}],"startTime":1765524187763,"endTime":1765524192932.692,"status":"failed","message":"","name":"D:/Project/healthcare-apps/clinical-toolkit/src/components/tools/__tests__/AsthmaControlTest.test.tsx"},{"assertionResults":[{"ancestorTitles":["Basic Testing Framework"],"fullName":"Basic Testing Framework renders a simple component","status":"passed","title":"renders a simple component","duration":90.78040000000055,"failureMessages":[],"meta":{}},{"ancestorTitles":["Basic Testing Framework"],"fullName":"Basic Testing Framework can access the clinical store","status":"passed","title":"can access the clinical store","duration":3.4687000000003536,"failureMessages":[],"meta":{}},{"ancestorTitles":["Basic Testing Framework"],"fullName":"Basic Testing Framework can perform operations with the clinical store","status":"passed","title":"can perform operations with the clinical store","duration":6.972600000000057,"failureMessages":[],"meta":{}},{"ancestorTitles":["Basic Testing Framework"],"fullName":"Basic Testing Framework can mock localStorage operations","sta
[...]
lureMessages":[],"meta":{}},{"ancestorTitles":["GAD7Assessment","Score Calculation"],"fullName":"GAD7Assessment Score Calculation should calculate mild anxiety score correctly","status":"passed","title":"should calculate mild anxiety score correctly","duration":1057.5483000000004,"failureMessages":[],"meta":{}},{"ancestorTitles":["GAD7Assessment","Score Calculation"],"fullName":"GAD7Assessment Score Calculation should calculate moderate anxiety score correctly","status":"passed","title":"should calculate moderate anxiety score correctly","duration":981.9521000000004,"failureMessages":[],"meta":{}},{"ancestorTitles":["GAD7Assessment","Score Calculation"],"fullName":"GAD7Assessment Score Calculation should calculate severe anxiety score correctly","status":"passed","title":"should calculate severe anxiety score correctly","duration":1307.6664999999994,"failureMessages":[],"meta":{}},{"ancestorTitles":["GAD7Assessment","Score Calculation"],"fullName":"GAD7Assessment Score Calculation should handle minimum score of 0","status":"passed","title":"should handle minimum score of 0","duration":1086.6422999999995,"failureMessages":[],"meta":{}},{"ancestorTitles":["GAD7Assessment","Score Calculation"],"fullName":"GAD7Assessment Score Calculation should handle maximum score of 21","status":"passed","title":"should handle maximum score of 21","duration":832.1508999999987,"failureMessages":[],"meta":{}},{"ancestorTitles":["GAD7Assessment","Severity Interpretation - Boundary Conditions"],"fullName":"GAD7Assessment Severity Interpretation - Boundary Conditions should interpret score 0 as Minimal (Minimum score)","status":"passed","title":"should interpret score 0 as Minimal (Minimum score)","duration":0.7996999999995751,"failureMessages":[],"meta":{}},{"ancestorTitles":["GAD7Assessment","Severity Interpretation - Boundary Conditions"],"fullName":"GAD7Assessment Severity Interpretation - Boundary Conditions should interpret score 4 as Minimal (Upper bound minimal)","status":"passed","title":"should interpret score 4 as Minimal (Upper bound minimal)","duration":0.41480000000046857,"failureMessages":[],"meta":{}},{"ancestorTitles":["GAD7Assessment","Severity Interpretation - Boundary Conditions"],"fullName":"GAD7Assessment Severity Interpretation - Boundary Conditions should interpret score 5 as Mild (Lower bound mild)","status":"passed","title":"should interpret score 5 as Mild (Lower bound mild)","duration":0.33799999999973807,"failureMessages":[],"meta":{}},{"ancestorTitles":["GAD7Assessment","Severity Interpretation - Boundary Conditions"],"fullName":"GAD7Assessment Severity Interpretation - Boundary Conditions should interpret score 7 as Mild (Mid-range mild)","status":"passed","title":"should interpret score 7 as Mild (Mid-range mild)","duration":0.30139999999846623,"failureMessages":[],"meta":{}},{"ancestorTitles":["GAD7Assessment","Severity Interpretation - Boundary Conditions"],"fullName":"GAD7Assessment Severity Interpretation - Boundary Conditions should interpret score 9 as Mild (Upper bound mild)","status":"passed","title":"should interpret score 9 as Mild (Upper bound mild)","duration":0.4433000000008178,"failureMessages":[],"meta":{}},{"ancestorTitles":["GAD7Assessment","Severity Interpretation - Boundary Conditions"],"fullName":"GAD7Assessment Severity Interpretation - Boundary Conditions should interpret score 10 as Moderate (Lower bound moderate)","status":"passed","title":"should interpret score 10 as Moderate (Lower bound moderate)","duration":0.2816000000002532,"failureMessages":[],"meta":{}},{"ancestorTitles":["GAD7Assessment","Severity Interpretation - Boundary Conditions"],"fullName":"GAD7Assessment Severity Interpretation - Boundary Conditions should interpret score 12 as Moderate (Mid-range moderate)","status":"passed","title":"should interpret score 12 as Moderate (Mid-range moderate)","duration":0.29980000000068685,"failureMessages":[],"meta":{}},{"ancestorTitles":["GAD7Assessment","Severity Interpretation - Boundary Conditions"],"fullName":"GAD7Assessment Severity Interpretation - Boundary Conditions should interpret score 14 as Moderate (Upper bound moderate)","status":"passed","title":"should interpret score 14 as Moderate (Upper bound moderate)","duration":0.2727999999988242,"failureMessages":[],"meta":{}},{"ancestorTitles":["GAD7Assessment","Severity Interpretation - Boundary Conditions"],"fullName":"GAD7Assessment Severity Interpretation - Boundary Conditions should interpret score 15 as Severe (Lower bound severe)","status":"passed","title":"should interpret score 15 as Severe (Lower bound severe)","duration":0.26200000000062573,"failureMessages":[],"meta":{}},{"ancestorTitles":["GAD7Assessment","Severity Interpretation - Boundary Conditions"],"fullName":"GAD7Assessment Severity Interpretation - Boundary Conditions should interpret score 18 as Severe (Mid-range severe)","status":"passed","title":"should interpret score 18 as Severe (Mid-range severe)","duration":0.4254000000000815,"failureMessages":[],"meta":{}},{"ancestorTitles":["GAD7Assessment","Severity Interpretation - Boundary Conditions"],"fullName":"GAD7Assessment Severity Interpretation - Boundary Conditions should interpret score 21 as Severe (Maximum score)","status":"passed","title":"should interpret score 21 as Severe (Maximum score)","duration":0.26080000000001746,"failureMessages":[],"meta":{}},{"ancestorTitles":["GAD7Assessment","Clinical Decision Support"],"fullName":"GAD7Assessment Clinical Decision Support should recommend monitoring for minimal anxiety (score ≤4)","status":"passed","title":"should recommend monitoring for minimal anxiety (score ≤4)","duration":3.1675000000013824,"failureMessages":[],"meta":{}},{"ancestorTitles":["GAD7Assessment","Clinical Decision Support"],"fullName":"GAD7Assessment Clinical Decision Support should recommend self-help for mild anxiety (score 5-9)","status":"passed","title":"should recommend self-help for mild anxiety (score 5-9)","duration":0.5187999999998283,"failureMessages":[],"meta":{}},{"ancestorTitles":["GAD7Assessment","Clinical Decision Support"],"fullName":"GAD7Assessment Clinical Decision Support should recommend treatment for moderate anxiety (score 10-14)","status":"passed","title":"should recommend treatment for moderate anxiety (score 10-14)","duration":0.38370000000031723,"failureMessages":[],"meta":{}},{"ancestorTitles":["GAD7Assessment","Clinical Decision Support"],"fullName":"GAD7Assessment Clinical Decision Support should strongly recommend treatment for severe anxiety (score ≥15)","status":"passed","title":"should strongly recommend treatment for severe anxiety (score ≥15)","duration":0.3999000000003434,"failureMessages":[],"meta":{}},{"ancestorTitles":["GAD7Assessment","Clinical Decision Support"],"fullName":"GAD7Assessment Clinical Decision Support should recommend further evaluation for score ≥10","status":"passed","title":"should recommend further evaluation for score ≥10","duration":0.8834999999999127,"failureMessages":[],"meta":{}},{"ancestorTitles":["GAD7Assessment","Input Validation"],"fullName":"GAD7Assessment Input Validation should require all 7 responses before showing results","status":"passed","title":"should require all 7 responses before showing results","duration":429.3781000000017,"failureMessages":[],"meta":{}},{"ancestorTitles":["GAD7Assessment","Input Validation"],"fullName":"GAD7Assessment Input Validation should validate response values are in range 0-3","status":"passed","title":"should validate response values are in range 0-3","duration":1.0563999999976659,"failureMessages":[],"meta":{}},{"ancestorTitles":["GAD7Assessment","Input Validation"],"fullName":"GAD7Assessment Input Validation should validate exactly 7 responses are provided","status":"passed","title":"should validate exactly 7 responses are provided","duration":0.8971999999994296,"failureMessages":[],"meta":{}},{"ancestorTitles":["GAD7Assessment","User Interaction"],"fullName":"GAD7Assessment User Interaction should update response when button is clicked","status":"passed","title":"should update response when button is clicked","duration":135.88180000000284,"failureMessages":[],"meta":{}},{"ancestorTitles":["GAD7Assessment","User Interaction"],"fullName":"GAD7Assessment User Interaction should allow changing response","status":"passed","title":"should allow changing response","duration":235.5597999999991,"failureMessages":[],"meta":{}},{"ancestorTitles":["GAD7Assessment","Clinical Reference Validation"],"fullName":"GAD7Assessment Clinical Reference Validation should use validated GAD-7 scoring thresholds","status":"passed","title":"should use validated GAD-7 scoring thresholds","duration":0.9271000000007916,"failureMessages":[],"meta":{}},{"ancestorTitles":["GAD7Assessment","Clinical Reference Validation"],"fullName":"GAD7Assessment Clinical Reference Validation should follow published GAD-7 interpretation guidelines","status":"passed","title":"should follow published GAD-7 interpretation guidelines","duration":0.6275999999998021,"failureMessages":[],"meta":{}},{"ancestorTitles":["GAD7Assessment","Accessibility"],"fullName":"GAD7Assessment Accessibility should have accessible button labels","status":"passed","title":"should have accessible button labels","duration":81.91820000000007,"failureMessages":[],"meta":{}},{"ancestorTitles":["GAD7Assessment","Accessibility"],"fullName":"GAD7Assessment Accessibility should show clear question numbers","status":"passed","title":"should show clear question numbers","duration":37.897799999998824,"failureMessages":[],"meta":{}}],"startTime":1765524188088,"endTime":1765524196434.8977,"status":"passed","message":"","name":"D:/Project/healthcare-apps/clinical-toolkit/src/components/tools/__tests__/GAD7Assessment.test.tsx"},{"assertionResults":[{"ancestorTitles":["PHQ9Assessment","Component Rendering"],"fullName":"PHQ9Assessment Component Rendering should render PHQ-9 title and instructions","status":"passed","title":"should render PHQ-9 title and instructions","duration":221.02419999999984,"failureMessages":[],"meta":{}},{"ancestorTitles":["PHQ9Assessment","Component Rendering"],"fullName":"PHQ9Assessment Component Rendering should render all 9 questions","status":"passed","title":"should render all 9 questions","duration":365.83259999999973,"failureMessages":[],"meta":{}},{"ancestorTitles":["PHQ9Assessment","Component Rendering"],"fullName":"PHQ9Assessment Component Rendering should render all response options (0-3)","status":"passed","title":"should render all response options (0-3)","duration":163.115600000001,"failureMessages":[],"meta":{}},{"ancestorTitles":["PHQ9Assessment","Score Calculation"],"fullName":"PHQ9Assessment Score Calculation should calculate minimal depression score correctly","status":"passed","title":"should calculate minimal depression score correctly","duration":1959.7960999999996,"failureMessages":[],"meta":{}},{"ancestorTitles":["PHQ9Assessment","Score Calculation"],"fullName":"PHQ9Assessment Score Calculation should calculate mild depression score correctly","status":"passed","title":"should calculate mild depression score correctly","duration":1171.2626999999993,"failureMessages":[],"meta":{}},{"ancestorTitles":["PHQ9Assessment","Score Calculation"],"fullName":"PHQ9Assessment Score Calculation should calculate moderate depression score correctly","status":"passed","title":"should calculate moderate depression score correctly","duration":1171.9254999999994,"failureMessages":[],"meta":{}},{"ancestorTitles":["PHQ9Assessment","Score Calculation"],"fullName":"PHQ9Assessment Score Calculation should calculate moderately severe depression score correctly","status":"passed","title":"should calculate moderately severe depression score correctly","duration":1594.8495000000003,"failureMessages":[],"meta":{}},{"ancestorTitles":["PHQ9Assessment","Score Calculation"],"fullName":"PHQ9Assessment Score Calculation should calculate severe depression score correctly","status":"passed","title":"should calculate severe depression score correctly","duration":1352.032299999999,"failureMessages":[],"meta":{}},{"ancestorTitles":["PHQ9Assessment","Severity Interpretation - Boundary Conditions"],"fullName":"PHQ9Assessment Severity Interpretation - Boundary Conditions should interpret score 4 as Minimal (Upper bound minimal)","status":"passed","title":"should interpret score 4 as Minimal (Upper bound minimal)","duration":3.1237999999975727,"failureMessages":[],"meta":{}},{"ancestorTitles":["PHQ9Assessment","Severity Interpretation - Boundary Conditions"],"fullName":"PHQ9Assessment Severity Interpretation - Boundary Conditions should interpret score 5 as Mild (Lower bound mild)","status":"passed","title":"should interpret score 5 as Mild (Lower bound mild)","duration":0.6857999999992899,"failureMessages":[],"meta":{}},{"ancestorTitles":["PHQ9Assessment","Severity Interpretation - Boundary Conditions"],"fullName":"PHQ9Assessment Severity Interpretation - Boundary Conditions should interpret score 9 as Mild (Upper bound mild)","status":"passed","title":"should interpret score 9 as Mild (Upper bound mild)","duration":0.994299999998475,"failureMessages":[],"meta":{}},{"ancestorTitles":["PHQ9Assessment","Severity Interpretation - Boundary Conditions"],"fullName":"PHQ9Assessment Severity Interpretation - Boundary Conditions should interpret score 10 as Moderate (Lower bound moderate)","status":"passed","title":"should interpret score 10 as Moderate (Lower bound moderate)","duration":0.42109999999956926,"failureMessages":[],"meta":{}},{"ancestorTitles":["PHQ9Assessment","Severity Interpretation - Boundary Conditions"],"fullName":"PHQ9Assessment Severity Interpretation - Boundary Conditions should interpret score 14 as Moderate (Upper bound moderate)","status":"passed","title":"should interpret score 14 as Moderate (Upper bound moderate)","duration":0.33550000000104774,"failureMessages":[],"meta":{}},{"ancestorTitles":["PHQ9Assessment","Severity Interpretation - Boundary Conditions"],"fullName":"PHQ9Assessment Severity Interpretation - Boundary Conditions should interpret score 15 as Moderately Severe (Lower bound mod. severe)","status":"passed","title":"should interpret score 15 as Moderately Severe (Lower bound mod. severe)","duration":0.3021000000007916,"failureMessages":[],"meta":{}},{"ancestorTitles":["PHQ9Assessment","Severity Interpretation - Boundary Conditions"],"fullName":"PHQ9Assessment Severity Interpretation - Boundary Conditions should interpret score 19 as Moderately Severe (Upper bound mod. severe)","status":"passed","title":"should interpret score 19 as Moderately Severe (Upper bound mod. severe)","duration":0.3117999999994936,"failureMessages":[],"meta":{}},{"ancestorTitles":["PHQ9Assessment","Severity Interpretation - Boundary Conditions"],"fullName":"PHQ9Assessment Severity Interpretation - Boundary Conditions should interpret score 20 as Severe (Lower bound severe)","status":"passed","title":"should interpret score 20 as Severe (Lower bound severe)","duration":0.4055000000007567,"failureMessages":[],"meta":{}},{"ancestorTitles":["PHQ9Assessment","Severity Interpretation - Boundary Conditions"],"fullName":"PHQ9Assessment Severity Interpretation - Boundary Conditions should interpret score 27 as Severe (Maximum score)","status":"passed","title":"should interpret score 27 as Severe (Maximum score)","duration":0.2757999999994354,"failureMessages":[],"meta":{}},{"ancestorTitles":["PHQ9Assessment","CRITICAL: Suicide Risk Assessment (Question 9)"],"fullName":"PHQ9Assessment CRITICAL: Suicide Risk Assessment (Question 9) should detect suicide risk when Q9 = 1 (Several days)","status":"passed","title":"should detect suicide risk when Q9 = 1 (Several days)","duration":1601.6885000000002,"failureMessages":[],"meta":{}},{"ancestorTitles":["PHQ9Assessment","CRITICAL: Suicide Risk Assessment (Question 9)"],"fullName":"PHQ9Assessment CRITICAL: Suicide Risk Assessment (Question 9) should detect suicide risk when Q9 = 2 (More than half the days)","status":"passed","title":"should detect suicide risk when Q9 = 2 (More than half the days)","duration":1459.1010999999999,"failureMessages":[],"meta":{}},{"ancestorTitles":["PHQ9Assessment","CRITICAL: Suicide Risk Assessment (Question 9)"],"fullName":"PHQ9Assessment CRITICAL: Suicide Risk Assessment (Question 9) should detect suicide risk when Q9 = 3 (Nearly every day)","status":"passed","title":"should detect suicide risk when Q9 = 3 (Nearly every day)","duration":922.2691000000013,"failureMessages":[],"meta":{}},{"ancestorTitles":["PHQ9Assessment","CRITICAL: Suicide Risk Assessment (Question 9)"],"fullName":"PHQ9Assessment CRITICAL: Suicide Risk Assessment (Question 9) should NOT show suicide risk when Q9 = 0 (Not at all)","status":"passed","title":"should NOT show suicide risk when Q9 = 0 (Not at all)","duration":949.9681000000019,"failureMessages":[],"meta":{}},{"ancestorTitles":["PHQ9Assessment","CRITICAL: Suicide Risk Assessment (Question 9)"],"fullName":"PHQ9Assessment CRITICAL: Suicide Risk Assessment (Question 9) should display crisis resources when suicide risk detected","status":"passed","title":"should display crisis resources when suicide risk detected","duration":933.225699999999,"failureMessages":[],"meta":{}},{"ancestorTitles":["PHQ9Assessment","Treatment Recommendations"],"fullName":"PHQ9Assessment Treatment Recommendations should recommend no treatment for minimal depression","status":"passed","title":"should recommend no treatment for minimal depression","duration":0.9421999999976833,"failureMessages":[],"meta":{}},{"ancestorTitles":["PHQ9Assessment","Treatment Recommendations"],"fullName":"PHQ9Assessment Treatment Recommendations should recommend psychotherapy for mild depression","status":"passed","title":"should recommend psychotherapy for mild depression","duration":0.35319999999774154,"failureMessages":[],"meta":{}},{"ancestorTitles":["PHQ9Assessment","Treatment Recommendations"],"fullName":"PHQ9Assessment Treatment Recommendations should recommend antidepressant or therapy for moderate depression","status":"passed","title":"should recommend antidepressant or therapy for moderate depression","duration":0.31829999999899883,"failureMessages":[],"meta":{}},{"ancestorTitles":["PHQ9Assessment","Treatment Recommendations"],"fullName":"PHQ9Assessment Treatment Recommendations should recommend combination therapy for moderately severe depression","status":"passed","title":"should recommend combination therapy for moderately severe depression","duration":0.3022999999993772,"failureMessages":[],"meta":{}},{"ancestorTitles":["PHQ9Assessment","Treatment Recommendations"],"fullName":"PHQ9Assessment Treatment Recommendations should recommend intensive treatment for severe depression","status":"passed","title":"should recommend intensive treatment for severe depression","duration":0.2942000000002736,"failureMessages":[],"meta":{}},{"ancestorTitles":["PHQ9Assessment","Input Validation"],"fullName":"PHQ9Assessment Input Validation should require all 9 responses before allowing calculation","status":"passed","title":"should require all 9 responses before allowing calculation","duration":469.9278999999988,"failureMessages":[],"meta":{}},{"ancestorTitles":["PHQ9Assessment","Input Validation"],"fullName":"PHQ9Assessment Input Validation should require functional impairment selection","status":"passed","title":"should require functional impairment selection","duration":2091.134399999999,"failureMessages":[],"meta":{}},{"ancestorTitles":["PHQ9Assessment","Clinical Reference Validation"],"fullName":"PHQ9Assessment Clinical Reference Validation should use validated PHQ-9 scoring thresholds","status":"passed","title":"should use validated PHQ-9 scoring thresholds","duration":0.6801000000014028,"failureMessages":[],"meta":{}}],"startTime":1765524187952,"endTime":1765524204394.6802,"status":"passed","message":"","name":"D:/Project/healthcare-apps/clinical-toolkit/src/components/tools/__tests__/PHQ9Assessment.test.tsx"}]}